[2026-06-27T18:41:10.351+0000] {processor.py:186} INFO - Started process (PID=186) to work on /opt/airflow/dags/dag_factory.py
[2026-06-27T18:41:10.352+0000] {processor.py:914} INFO - Processing file /opt/airflow/dags/dag_factory.py for tasks to queue
[2026-06-27T18:41:10.358+0000] {logging_mixin.py:190} INFO - [2026-06-27T18:41:10.357+0000] {dagbag.py:588} INFO - Filling up the DagBag from /opt/airflow/dags/dag_factory.py
[2026-06-27T18:41:11.503+0000] {processor.py:925} INFO - DAG(s) 'gold_day_strain', 'gold_recovery_score', 'gold_sleep_score' retrieved from /opt/airflow/dags/dag_factory.py
[2026-06-27T18:41:11.667+0000] {logging_mixin.py:190} INFO - [2026-06-27T18:41:11.666+0000] {override.py:1912} INFO - Created Permission View: can read on DAG:gold_day_strain
[2026-06-27T18:41:11.671+0000] {logging_mixin.py:190} INFO - [2026-06-27T18:41:11.671+0000] {override.py:1912} INFO - Created Permission View: can delete on DAG:gold_day_strain
[2026-06-27T18:41:11.674+0000] {logging_mixin.py:190} INFO - [2026-06-27T18:41:11.674+0000] {override.py:1912} INFO - Created Permission View: can edit on DAG:gold_day_strain
[2026-06-27T18:41:11.678+0000] {logging_mixin.py:190} INFO - [2026-06-27T18:41:11.678+0000] {override.py:1912} INFO - Created Permission View: menu access on DAG Run:gold_day_strain
[2026-06-27T18:41:11.681+0000] {logging_mixin.py:190} INFO - [2026-06-27T18:41:11.681+0000] {override.py:1912} INFO - Created Permission View: can read on DAG Run:gold_day_strain
[2026-06-27T18:41:11.684+0000] {logging_mixin.py:190} INFO - [2026-06-27T18:41:11.684+0000] {override.py:1912} INFO - Created Permission View: can delete on DAG Run:gold_day_strain
[2026-06-27T18:41:11.686+0000] {logging_mixin.py:190} INFO - [2026-06-27T18:41:11.686+0000] {override.py:1912} INFO - Created Permission View: can create on DAG Run:gold_day_strain
[2026-06-27T18:41:11.693+0000] {logging_mixin.py:190} INFO - [2026-06-27T18:41:11.693+0000] {override.py:1912} INFO - Created Permission View: can read on DAG:gold_recovery_score
[2026-06-27T18:41:11.696+0000] {logging_mixin.py:190} INFO - [2026-06-27T18:41:11.696+0000] {override.py:1912} INFO - Created Permission View: can delete on DAG:gold_recovery_score
[2026-06-27T18:41:11.700+0000] {logging_mixin.py:190} INFO - [2026-06-27T18:41:11.700+0000] {override.py:1912} INFO - Created Permission View: can edit on DAG:gold_recovery_score
[2026-06-27T18:41:11.704+0000] {logging_mixin.py:190} INFO - [2026-06-27T18:41:11.703+0000] {override.py:1912} INFO - Created Permission View: menu access on DAG Run:gold_recovery_score
[2026-06-27T18:41:11.706+0000] {logging_mixin.py:190} INFO - [2026-06-27T18:41:11.706+0000] {override.py:1912} INFO - Created Permission View: can read on DAG Run:gold_recovery_score
[2026-06-27T18:41:11.709+0000] {logging_mixin.py:190} INFO - [2026-06-27T18:41:11.709+0000] {override.py:1912} INFO - Created Permission View: can delete on DAG Run:gold_recovery_score
[2026-06-27T18:41:11.712+0000] {logging_mixin.py:190} INFO - [2026-06-27T18:41:11.712+0000] {override.py:1912} INFO - Created Permission View: can create on DAG Run:gold_recovery_score
[2026-06-27T18:41:11.717+0000] {logging_mixin.py:190} INFO - [2026-06-27T18:41:11.717+0000] {override.py:1912} INFO - Created Permission View: can read on DAG:gold_sleep_score
[2026-06-27T18:41:11.720+0000] {logging_mixin.py:190} INFO - [2026-06-27T18:41:11.720+0000] {override.py:1912} INFO - Created Permission View: can delete on DAG:gold_sleep_score
[2026-06-27T18:41:11.723+0000] {logging_mixin.py:190} INFO - [2026-06-27T18:41:11.723+0000] {override.py:1912} INFO - Created Permission View: can edit on DAG:gold_sleep_score
[2026-06-27T18:41:11.727+0000] {logging_mixin.py:190} INFO - [2026-06-27T18:41:11.727+0000] {override.py:1912} INFO - Created Permission View: menu access on DAG Run:gold_sleep_score
[2026-06-27T18:41:11.730+0000] {logging_mixin.py:190} INFO - [2026-06-27T18:41:11.730+0000] {override.py:1912} INFO - Created Permission View: can read on DAG Run:gold_sleep_score
[2026-06-27T18:41:11.733+0000] {logging_mixin.py:190} INFO - [2026-06-27T18:41:11.733+0000] {override.py:1912} INFO - Created Permission View: can delete on DAG Run:gold_sleep_score
[2026-06-27T18:41:11.736+0000] {logging_mixin.py:190} INFO - [2026-06-27T18:41:11.736+0000] {override.py:1912} INFO - Created Permission View: can create on DAG Run:gold_sleep_score
[2026-06-27T18:41:11.736+0000] {logging_mixin.py:190} INFO - [2026-06-27T18:41:11.736+0000] {dag.py:3239} INFO - Sync 3 DAGs
[2026-06-27T18:41:11.742+0000] {logging_mixin.py:190} INFO - [2026-06-27T18:41:11.742+0000] {dag.py:3262} INFO - Creating ORM DAG for gold_recovery_score
[2026-06-27T18:41:11.742+0000] {logging_mixin.py:190} INFO - [2026-06-27T18:41:11.742+0000] {dag.py:3262} INFO - Creating ORM DAG for gold_day_strain
[2026-06-27T18:41:11.743+0000] {logging_mixin.py:190} INFO - [2026-06-27T18:41:11.743+0000] {dag.py:3262} INFO - Creating ORM DAG for gold_sleep_score
[2026-06-27T18:41:11.747+0000] {logging_mixin.py:190} INFO - [2026-06-27T18:41:11.747+0000] {dag.py:4180} INFO - Setting next_dagrun for gold_day_strain to 2026-06-26 00:00:00+00:00, run_after=2026-06-27 00:00:00+00:00
[2026-06-27T18:41:11.748+0000] {logging_mixin.py:190} INFO - [2026-06-27T18:41:11.748+0000] {dag.py:4180} INFO - Setting next_dagrun for gold_recovery_score to 2026-06-26 00:00:00+00:00, run_after=2026-06-27 00:00:00+00:00
[2026-06-27T18:41:11.748+0000] {logging_mixin.py:190} INFO - [2026-06-27T18:41:11.748+0000] {dag.py:4180} INFO - Setting next_dagrun for gold_sleep_score to 2026-06-26 00:00:00+00:00, run_after=2026-06-27 00:00:00+00:00
[2026-06-27T18:41:11.763+0000] {processor.py:208} INFO - Processing /opt/airflow/dags/dag_factory.py took 1.430 seconds
[2026-06-27T18:41:38.271+0000] {processor.py:186} INFO - Started process (PID=198) to work on /opt/airflow/dags/dag_factory.py
[2026-06-27T18:41:38.273+0000] {processor.py:914} INFO - Processing file /opt/airflow/dags/dag_factory.py for tasks to queue
[2026-06-27T18:41:38.277+0000] {logging_mixin.py:190} INFO - [2026-06-27T18:41:38.276+0000] {dagbag.py:588} INFO - Filling up the DagBag from /opt/airflow/dags/dag_factory.py
[2026-06-27T18:41:38.889+0000] {processor.py:925} INFO - DAG(s) 'gold_sleep_score', 'gold_day_strain', 'gold_recovery_score' retrieved from /opt/airflow/dags/dag_factory.py
[2026-06-27T18:41:38.903+0000] {logging_mixin.py:190} INFO - [2026-06-27T18:41:38.903+0000] {dag.py:3239} INFO - Sync 3 DAGs
[2026-06-27T18:41:38.925+0000] {logging_mixin.py:190} INFO - [2026-06-27T18:41:38.925+0000] {dag.py:4180} INFO - Setting next_dagrun for gold_day_strain to 2026-06-26 00:00:00+00:00, run_after=2026-06-27 00:00:00+00:00
[2026-06-27T18:41:38.928+0000] {logging_mixin.py:190} INFO - [2026-06-27T18:41:38.928+0000] {dag.py:4180} INFO - Setting next_dagrun for gold_recovery_score to 2026-06-26 00:00:00+00:00, run_after=2026-06-27 00:00:00+00:00
[2026-06-27T18:41:38.929+0000] {logging_mixin.py:190} INFO - [2026-06-27T18:41:38.929+0000] {dag.py:4180} INFO - Setting next_dagrun for gold_sleep_score to 2026-06-26 00:00:00+00:00, run_after=2026-06-27 00:00:00+00:00
[2026-06-27T18:41:38.945+0000] {processor.py:208} INFO - Processing /opt/airflow/dags/dag_factory.py took 0.683 seconds
[2026-06-27T18:42:09.668+0000] {processor.py:186} INFO - Started process (PID=210) to work on /opt/airflow/dags/dag_factory.py
[2026-06-27T18:42:09.671+0000] {processor.py:914} INFO - Processing file /opt/airflow/dags/dag_factory.py for tasks to queue
[2026-06-27T18:42:09.675+0000] {logging_mixin.py:190} INFO - [2026-06-27T18:42:09.675+0000] {dagbag.py:588} INFO - Filling up the DagBag from /opt/airflow/dags/dag_factory.py
[2026-06-27T18:42:09.714+0000] {processor.py:925} INFO - DAG(s) 'gold_sleep_score', 'gold_recovery_score', 'gold_day_strain' retrieved from /opt/airflow/dags/dag_factory.py
[2026-06-27T18:42:09.742+0000] {logging_mixin.py:190} INFO - [2026-06-27T18:42:09.742+0000] {dag.py:3239} INFO - Sync 3 DAGs
[2026-06-27T18:42:09.755+0000] {logging_mixin.py:190} INFO - [2026-06-27T18:42:09.755+0000] {dag.py:4180} INFO - Setting next_dagrun for gold_day_strain to 2026-06-26 00:00:00+00:00, run_after=2026-06-27 00:00:00+00:00
[2026-06-27T18:42:09.757+0000] {logging_mixin.py:190} INFO - [2026-06-27T18:42:09.757+0000] {dag.py:4180} INFO - Setting next_dagrun for gold_recovery_score to 2026-06-26 00:00:00+00:00, run_after=2026-06-27 00:00:00+00:00
[2026-06-27T18:42:09.758+0000] {logging_mixin.py:190} INFO - [2026-06-27T18:42:09.758+0000] {dag.py:4180} INFO - Setting next_dagrun for gold_sleep_score to 2026-06-26 00:00:00+00:00, run_after=2026-06-27 00:00:00+00:00
[2026-06-27T18:42:09.767+0000] {processor.py:208} INFO - Processing /opt/airflow/dags/dag_factory.py took 0.121 seconds
[2026-06-27T18:42:40.451+0000] {processor.py:186} INFO - Started process (PID=215) to work on /opt/airflow/dags/dag_factory.py
[2026-06-27T18:42:40.454+0000] {processor.py:914} INFO - Processing file /opt/airflow/dags/dag_factory.py for tasks to queue
[2026-06-27T18:42:40.460+0000] {logging_mixin.py:190} INFO - [2026-06-27T18:42:40.459+0000] {dagbag.py:588} INFO - Filling up the DagBag from /opt/airflow/dags/dag_factory.py
[2026-06-27T18:42:40.493+0000] {processor.py:925} INFO - DAG(s) 'gold_day_strain', 'gold_recovery_score', 'gold_sleep_score' retrieved from /opt/airflow/dags/dag_factory.py
[2026-06-27T18:42:40.518+0000] {logging_mixin.py:190} INFO - [2026-06-27T18:42:40.518+0000] {dag.py:3239} INFO - Sync 3 DAGs
[2026-06-27T18:42:40.532+0000] {logging_mixin.py:190} INFO - [2026-06-27T18:42:40.532+0000] {dag.py:4180} INFO - Setting next_dagrun for gold_day_strain to 2026-06-26 00:00:00+00:00, run_after=2026-06-27 00:00:00+00:00
[2026-06-27T18:42:40.534+0000] {logging_mixin.py:190} INFO - [2026-06-27T18:42:40.534+0000] {dag.py:4180} INFO - Setting next_dagrun for gold_recovery_score to 2026-06-26 00:00:00+00:00, run_after=2026-06-27 00:00:00+00:00
[2026-06-27T18:42:40.535+0000] {logging_mixin.py:190} INFO - [2026-06-27T18:42:40.535+0000] {dag.py:4180} INFO - Setting next_dagrun for gold_sleep_score to 2026-06-26 00:00:00+00:00, run_after=2026-06-27 00:00:00+00:00
[2026-06-27T18:42:40.545+0000] {processor.py:208} INFO - Processing /opt/airflow/dags/dag_factory.py took 0.111 seconds
[2026-06-27T18:43:11.235+0000] {processor.py:186} INFO - Started process (PID=220) to work on /opt/airflow/dags/dag_factory.py
[2026-06-27T18:43:11.238+0000] {processor.py:914} INFO - Processing file /opt/airflow/dags/dag_factory.py for tasks to queue
[2026-06-27T18:43:11.241+0000] {logging_mixin.py:190} INFO - [2026-06-27T18:43:11.241+0000] {dagbag.py:588} INFO - Filling up the DagBag from /opt/airflow/dags/dag_factory.py
[2026-06-27T18:43:11.277+0000] {processor.py:925} INFO - DAG(s) 'gold_recovery_score', 'gold_day_strain', 'gold_sleep_score' retrieved from /opt/airflow/dags/dag_factory.py
[2026-06-27T18:43:11.300+0000] {logging_mixin.py:190} INFO - [2026-06-27T18:43:11.300+0000] {dag.py:3239} INFO - Sync 3 DAGs
[2026-06-27T18:43:11.311+0000] {logging_mixin.py:190} INFO - [2026-06-27T18:43:11.311+0000] {dag.py:4180} INFO - Setting next_dagrun for gold_day_strain to 2026-06-26 00:00:00+00:00, run_after=2026-06-27 00:00:00+00:00
[2026-06-27T18:43:11.313+0000] {logging_mixin.py:190} INFO - [2026-06-27T18:43:11.313+0000] {dag.py:4180} INFO - Setting next_dagrun for gold_recovery_score to 2026-06-26 00:00:00+00:00, run_after=2026-06-27 00:00:00+00:00
[2026-06-27T18:43:11.314+0000] {logging_mixin.py:190} INFO - [2026-06-27T18:43:11.313+0000] {dag.py:4180} INFO - Setting next_dagrun for gold_sleep_score to 2026-06-26 00:00:00+00:00, run_after=2026-06-27 00:00:00+00:00
[2026-06-27T18:43:11.322+0000] {processor.py:208} INFO - Processing /opt/airflow/dags/dag_factory.py took 0.100 seconds
[2026-06-27T18:43:41.931+0000] {processor.py:186} INFO - Started process (PID=225) to work on /opt/airflow/dags/dag_factory.py
[2026-06-27T18:43:41.934+0000] {processor.py:914} INFO - Processing file /opt/airflow/dags/dag_factory.py for tasks to queue
[2026-06-27T18:43:41.938+0000] {logging_mixin.py:190} INFO - [2026-06-27T18:43:41.937+0000] {dagbag.py:588} INFO - Filling up the DagBag from /opt/airflow/dags/dag_factory.py
[2026-06-27T18:43:41.973+0000] {processor.py:925} INFO - DAG(s) 'gold_sleep_score', 'gold_recovery_score', 'gold_day_strain' retrieved from /opt/airflow/dags/dag_factory.py
[2026-06-27T18:43:42.002+0000] {logging_mixin.py:190} INFO - [2026-06-27T18:43:42.002+0000] {dag.py:3239} INFO - Sync 3 DAGs
[2026-06-27T18:43:42.016+0000] {logging_mixin.py:190} INFO - [2026-06-27T18:43:42.016+0000] {dag.py:4180} INFO - Setting next_dagrun for gold_day_strain to 2026-06-26 00:00:00+00:00, run_after=2026-06-27 00:00:00+00:00
[2026-06-27T18:43:42.018+0000] {logging_mixin.py:190} INFO - [2026-06-27T18:43:42.018+0000] {dag.py:4180} INFO - Setting next_dagrun for gold_recovery_score to 2026-06-26 00:00:00+00:00, run_after=2026-06-27 00:00:00+00:00
[2026-06-27T18:43:42.019+0000] {logging_mixin.py:190} INFO - [2026-06-27T18:43:42.019+0000] {dag.py:4180} INFO - Setting next_dagrun for gold_sleep_score to 2026-06-26 00:00:00+00:00, run_after=2026-06-27 00:00:00+00:00
[2026-06-27T18:43:42.028+0000] {processor.py:208} INFO - Processing /opt/airflow/dags/dag_factory.py took 0.110 seconds
[2026-06-27T18:44:12.677+0000] {processor.py:186} INFO - Started process (PID=230) to work on /opt/airflow/dags/dag_factory.py
[2026-06-27T18:44:12.679+0000] {processor.py:914} INFO - Processing file /opt/airflow/dags/dag_factory.py for tasks to queue
[2026-06-27T18:44:12.684+0000] {logging_mixin.py:190} INFO - [2026-06-27T18:44:12.683+0000] {dagbag.py:588} INFO - Filling up the DagBag from /opt/airflow/dags/dag_factory.py
[2026-06-27T18:44:12.724+0000] {processor.py:925} INFO - DAG(s) 'gold_day_strain', 'gold_recovery_score', 'gold_sleep_score' retrieved from /opt/airflow/dags/dag_factory.py
[2026-06-27T18:44:12.758+0000] {logging_mixin.py:190} INFO - [2026-06-27T18:44:12.757+0000] {dag.py:3239} INFO - Sync 3 DAGs
[2026-06-27T18:44:12.774+0000] {logging_mixin.py:190} INFO - [2026-06-27T18:44:12.773+0000] {dag.py:4180} INFO - Setting next_dagrun for gold_day_strain to 2026-06-26 00:00:00+00:00, run_after=2026-06-27 00:00:00+00:00
[2026-06-27T18:44:12.776+0000] {logging_mixin.py:190} INFO - [2026-06-27T18:44:12.776+0000] {dag.py:4180} INFO - Setting next_dagrun for gold_recovery_score to 2026-06-26 00:00:00+00:00, run_after=2026-06-27 00:00:00+00:00
[2026-06-27T18:44:12.776+0000] {logging_mixin.py:190} INFO - [2026-06-27T18:44:12.776+0000] {dag.py:4180} INFO - Setting next_dagrun for gold_sleep_score to 2026-06-26 00:00:00+00:00, run_after=2026-06-27 00:00:00+00:00
[2026-06-27T18:44:12.787+0000] {processor.py:208} INFO - Processing /opt/airflow/dags/dag_factory.py took 0.120 seconds
[2026-06-27T18:44:43.412+0000] {processor.py:186} INFO - Started process (PID=235) to work on /opt/airflow/dags/dag_factory.py
[2026-06-27T18:44:43.414+0000] {processor.py:914} INFO - Processing file /opt/airflow/dags/dag_factory.py for tasks to queue
[2026-06-27T18:44:43.418+0000] {logging_mixin.py:190} INFO - [2026-06-27T18:44:43.417+0000] {dagbag.py:588} INFO - Filling up the DagBag from /opt/airflow/dags/dag_factory.py
[2026-06-27T18:44:43.452+0000] {processor.py:925} INFO - DAG(s) 'gold_day_strain', 'gold_sleep_score', 'gold_recovery_score' retrieved from /opt/airflow/dags/dag_factory.py
[2026-06-27T18:44:43.486+0000] {logging_mixin.py:190} INFO - [2026-06-27T18:44:43.486+0000] {dag.py:3239} INFO - Sync 3 DAGs
[2026-06-27T18:44:43.502+0000] {logging_mixin.py:190} INFO - [2026-06-27T18:44:43.502+0000] {dag.py:4180} INFO - Setting next_dagrun for gold_day_strain to 2026-06-26 00:00:00+00:00, run_after=2026-06-27 00:00:00+00:00
[2026-06-27T18:44:43.504+0000] {logging_mixin.py:190} INFO - [2026-06-27T18:44:43.504+0000] {dag.py:4180} INFO - Setting next_dagrun for gold_recovery_score to 2026-06-26 00:00:00+00:00, run_after=2026-06-27 00:00:00+00:00
[2026-06-27T18:44:43.505+0000] {logging_mixin.py:190} INFO - [2026-06-27T18:44:43.505+0000] {dag.py:4180} INFO - Setting next_dagrun for gold_sleep_score to 2026-06-26 00:00:00+00:00, run_after=2026-06-27 00:00:00+00:00
[2026-06-27T18:44:43.514+0000] {processor.py:208} INFO - Processing /opt/airflow/dags/dag_factory.py took 0.118 seconds
[2026-06-27T18:45:14.236+0000] {processor.py:186} INFO - Started process (PID=240) to work on /opt/airflow/dags/dag_factory.py
[2026-06-27T18:45:14.237+0000] {processor.py:914} INFO - Processing file /opt/airflow/dags/dag_factory.py for tasks to queue
[2026-06-27T18:45:14.240+0000] {logging_mixin.py:190} INFO - [2026-06-27T18:45:14.240+0000] {dagbag.py:588} INFO - Filling up the DagBag from /opt/airflow/dags/dag_factory.py
[2026-06-27T18:45:14.269+0000] {processor.py:925} INFO - DAG(s) 'gold_recovery_score', 'gold_sleep_score', 'gold_day_strain' retrieved from /opt/airflow/dags/dag_factory.py
[2026-06-27T18:45:14.289+0000] {logging_mixin.py:190} INFO - [2026-06-27T18:45:14.289+0000] {dag.py:3239} INFO - Sync 3 DAGs
[2026-06-27T18:45:14.302+0000] {logging_mixin.py:190} INFO - [2026-06-27T18:45:14.302+0000] {dag.py:4180} INFO - Setting next_dagrun for gold_day_strain to 2026-06-26 00:00:00+00:00, run_after=2026-06-27 00:00:00+00:00
[2026-06-27T18:45:14.305+0000] {logging_mixin.py:190} INFO - [2026-06-27T18:45:14.304+0000] {dag.py:4180} INFO - Setting next_dagrun for gold_recovery_score to 2026-06-26 00:00:00+00:00, run_after=2026-06-27 00:00:00+00:00
[2026-06-27T18:45:14.305+0000] {logging_mixin.py:190} INFO - [2026-06-27T18:45:14.305+0000] {dag.py:4180} INFO - Setting next_dagrun for gold_sleep_score to 2026-06-26 00:00:00+00:00, run_after=2026-06-27 00:00:00+00:00
[2026-06-27T18:45:14.313+0000] {processor.py:208} INFO - Processing /opt/airflow/dags/dag_factory.py took 0.084 seconds
[2026-06-27T18:45:44.954+0000] {processor.py:186} INFO - Started process (PID=245) to work on /opt/airflow/dags/dag_factory.py
[2026-06-27T18:45:44.957+0000] {processor.py:914} INFO - Processing file /opt/airflow/dags/dag_factory.py for tasks to queue
[2026-06-27T18:45:44.962+0000] {logging_mixin.py:190} INFO - [2026-06-27T18:45:44.961+0000] {dagbag.py:588} INFO - Filling up the DagBag from /opt/airflow/dags/dag_factory.py
[2026-06-27T18:45:44.996+0000] {processor.py:925} INFO - DAG(s) 'gold_recovery_score', 'gold_sleep_score', 'gold_day_strain' retrieved from /opt/airflow/dags/dag_factory.py
[2026-06-27T18:45:45.019+0000] {logging_mixin.py:190} INFO - [2026-06-27T18:45:45.019+0000] {dag.py:3239} INFO - Sync 3 DAGs
[2026-06-27T18:45:45.032+0000] {logging_mixin.py:190} INFO - [2026-06-27T18:45:45.032+0000] {dag.py:4180} INFO - Setting next_dagrun for gold_day_strain to 2026-06-26 00:00:00+00:00, run_after=2026-06-27 00:00:00+00:00
[2026-06-27T18:45:45.033+0000] {logging_mixin.py:190} INFO - [2026-06-27T18:45:45.033+0000] {dag.py:4180} INFO - Setting next_dagrun for gold_recovery_score to 2026-06-26 00:00:00+00:00, run_after=2026-06-27 00:00:00+00:00
[2026-06-27T18:45:45.034+0000] {logging_mixin.py:190} INFO - [2026-06-27T18:45:45.034+0000] {dag.py:4180} INFO - Setting next_dagrun for gold_sleep_score to 2026-06-26 00:00:00+00:00, run_after=2026-06-27 00:00:00+00:00
[2026-06-27T18:45:45.042+0000] {processor.py:208} INFO - Processing /opt/airflow/dags/dag_factory.py took 0.102 seconds
[2026-06-27T18:46:15.642+0000] {processor.py:186} INFO - Started process (PID=250) to work on /opt/airflow/dags/dag_factory.py
[2026-06-27T18:46:15.644+0000] {processor.py:914} INFO - Processing file /opt/airflow/dags/dag_factory.py for tasks to queue
[2026-06-27T18:46:15.647+0000] {logging_mixin.py:190} INFO - [2026-06-27T18:46:15.647+0000] {dagbag.py:588} INFO - Filling up the DagBag from /opt/airflow/dags/dag_factory.py
[2026-06-27T18:46:15.684+0000] {processor.py:925} INFO - DAG(s) 'gold_sleep_score', 'gold_day_strain', 'gold_recovery_score' retrieved from /opt/airflow/dags/dag_factory.py
[2026-06-27T18:46:15.706+0000] {logging_mixin.py:190} INFO - [2026-06-27T18:46:15.706+0000] {dag.py:3239} INFO - Sync 3 DAGs
[2026-06-27T18:46:15.717+0000] {logging_mixin.py:190} INFO - [2026-06-27T18:46:15.717+0000] {dag.py:4180} INFO - Setting next_dagrun for gold_day_strain to 2026-06-26 00:00:00+00:00, run_after=2026-06-27 00:00:00+00:00
[2026-06-27T18:46:15.719+0000] {logging_mixin.py:190} INFO - [2026-06-27T18:46:15.719+0000] {dag.py:4180} INFO - Setting next_dagrun for gold_recovery_score to 2026-06-26 00:00:00+00:00, run_after=2026-06-27 00:00:00+00:00
[2026-06-27T18:46:15.720+0000] {logging_mixin.py:190} INFO - [2026-06-27T18:46:15.720+0000] {dag.py:4180} INFO - Setting next_dagrun for gold_sleep_score to 2026-06-26 00:00:00+00:00, run_after=2026-06-27 00:00:00+00:00
[2026-06-27T18:46:15.728+0000] {processor.py:208} INFO - Processing /opt/airflow/dags/dag_factory.py took 0.097 seconds
[2026-06-27T18:46:46.438+0000] {processor.py:186} INFO - Started process (PID=255) to work on /opt/airflow/dags/dag_factory.py
[2026-06-27T18:46:46.441+0000] {processor.py:914} INFO - Processing file /opt/airflow/dags/dag_factory.py for tasks to queue
[2026-06-27T18:46:46.445+0000] {logging_mixin.py:190} INFO - [2026-06-27T18:46:46.445+0000] {dagbag.py:588} INFO - Filling up the DagBag from /opt/airflow/dags/dag_factory.py
[2026-06-27T18:46:46.486+0000] {processor.py:925} INFO - DAG(s) 'gold_day_strain', 'gold_recovery_score', 'gold_sleep_score' retrieved from /opt/airflow/dags/dag_factory.py
[2026-06-27T18:46:46.515+0000] {logging_mixin.py:190} INFO - [2026-06-27T18:46:46.515+0000] {dag.py:3239} INFO - Sync 3 DAGs
[2026-06-27T18:46:46.525+0000] {logging_mixin.py:190} INFO - [2026-06-27T18:46:46.525+0000] {dag.py:4180} INFO - Setting next_dagrun for gold_day_strain to 2026-06-26 00:00:00+00:00, run_after=2026-06-27 00:00:00+00:00
[2026-06-27T18:46:46.527+0000] {logging_mixin.py:190} INFO - [2026-06-27T18:46:46.527+0000] {dag.py:4180} INFO - Setting next_dagrun for gold_recovery_score to 2026-06-26 00:00:00+00:00, run_after=2026-06-27 00:00:00+00:00
[2026-06-27T18:46:46.528+0000] {logging_mixin.py:190} INFO - [2026-06-27T18:46:46.528+0000] {dag.py:4180} INFO - Setting next_dagrun for gold_sleep_score to 2026-06-26 00:00:00+00:00, run_after=2026-06-27 00:00:00+00:00
[2026-06-27T18:46:46.534+0000] {processor.py:208} INFO - Processing /opt/airflow/dags/dag_factory.py took 0.111 seconds
[2026-06-27T18:47:17.264+0000] {processor.py:186} INFO - Started process (PID=260) to work on /opt/airflow/dags/dag_factory.py
[2026-06-27T18:47:17.268+0000] {processor.py:914} INFO - Processing file /opt/airflow/dags/dag_factory.py for tasks to queue
[2026-06-27T18:47:17.271+0000] {logging_mixin.py:190} INFO - [2026-06-27T18:47:17.271+0000] {dagbag.py:588} INFO - Filling up the DagBag from /opt/airflow/dags/dag_factory.py
[2026-06-27T18:47:17.303+0000] {processor.py:925} INFO - DAG(s) 'gold_sleep_score', 'gold_recovery_score', 'gold_day_strain' retrieved from /opt/airflow/dags/dag_factory.py
[2026-06-27T18:47:17.334+0000] {logging_mixin.py:190} INFO - [2026-06-27T18:47:17.334+0000] {dag.py:3239} INFO - Sync 3 DAGs
[2026-06-27T18:47:17.346+0000] {logging_mixin.py:190} INFO - [2026-06-27T18:47:17.346+0000] {dag.py:4180} INFO - Setting next_dagrun for gold_day_strain to 2026-06-26 00:00:00+00:00, run_after=2026-06-27 00:00:00+00:00
[2026-06-27T18:47:17.348+0000] {logging_mixin.py:190} INFO - [2026-06-27T18:47:17.348+0000] {dag.py:4180} INFO - Setting next_dagrun for gold_recovery_score to 2026-06-26 00:00:00+00:00, run_after=2026-06-27 00:00:00+00:00
[2026-06-27T18:47:17.349+0000] {logging_mixin.py:190} INFO - [2026-06-27T18:47:17.349+0000] {dag.py:4180} INFO - Setting next_dagrun for gold_sleep_score to 2026-06-26 00:00:00+00:00, run_after=2026-06-27 00:00:00+00:00
[2026-06-27T18:47:17.356+0000] {processor.py:208} INFO - Processing /opt/airflow/dags/dag_factory.py took 0.113 seconds
[2026-06-27T18:47:47.957+0000] {processor.py:186} INFO - Started process (PID=265) to work on /opt/airflow/dags/dag_factory.py
[2026-06-27T18:47:47.960+0000] {processor.py:914} INFO - Processing file /opt/airflow/dags/dag_factory.py for tasks to queue
[2026-06-27T18:47:47.964+0000] {logging_mixin.py:190} INFO - [2026-06-27T18:47:47.963+0000] {dagbag.py:588} INFO - Filling up the DagBag from /opt/airflow/dags/dag_factory.py
[2026-06-27T18:47:48.002+0000] {processor.py:925} INFO - DAG(s) 'gold_sleep_score', 'gold_recovery_score', 'gold_day_strain' retrieved from /opt/airflow/dags/dag_factory.py
[2026-06-27T18:47:48.023+0000] {logging_mixin.py:190} INFO - [2026-06-27T18:47:48.023+0000] {dag.py:3239} INFO - Sync 3 DAGs
[2026-06-27T18:47:48.034+0000] {logging_mixin.py:190} INFO - [2026-06-27T18:47:48.034+0000] {dag.py:4180} INFO - Setting next_dagrun for gold_day_strain to 2026-06-26 00:00:00+00:00, run_after=2026-06-27 00:00:00+00:00
[2026-06-27T18:47:48.036+0000] {logging_mixin.py:190} INFO - [2026-06-27T18:47:48.036+0000] {dag.py:4180} INFO - Setting next_dagrun for gold_recovery_score to 2026-06-26 00:00:00+00:00, run_after=2026-06-27 00:00:00+00:00
[2026-06-27T18:47:48.037+0000] {logging_mixin.py:190} INFO - [2026-06-27T18:47:48.037+0000] {dag.py:4180} INFO - Setting next_dagrun for gold_sleep_score to 2026-06-26 00:00:00+00:00, run_after=2026-06-27 00:00:00+00:00
[2026-06-27T18:47:48.046+0000] {processor.py:208} INFO - Processing /opt/airflow/dags/dag_factory.py took 0.100 seconds
[2026-06-27T18:48:18.681+0000] {processor.py:186} INFO - Started process (PID=270) to work on /opt/airflow/dags/dag_factory.py
[2026-06-27T18:48:18.683+0000] {processor.py:914} INFO - Processing file /opt/airflow/dags/dag_factory.py for tasks to queue
[2026-06-27T18:48:18.684+0000] {logging_mixin.py:190} INFO - [2026-06-27T18:48:18.684+0000] {dagbag.py:588} INFO - Filling up the DagBag from /opt/airflow/dags/dag_factory.py
[2026-06-27T18:48:18.705+0000] {processor.py:925} INFO - DAG(s) 'gold_recovery_score', 'gold_day_strain', 'gold_sleep_score' retrieved from /opt/airflow/dags/dag_factory.py
[2026-06-27T18:48:18.725+0000] {logging_mixin.py:190} INFO - [2026-06-27T18:48:18.724+0000] {dag.py:3239} INFO - Sync 3 DAGs
[2026-06-27T18:48:18.736+0000] {logging_mixin.py:190} INFO - [2026-06-27T18:48:18.736+0000] {dag.py:4180} INFO - Setting next_dagrun for gold_day_strain to 2026-06-26 00:00:00+00:00, run_after=2026-06-27 00:00:00+00:00
[2026-06-27T18:48:18.738+0000] {logging_mixin.py:190} INFO - [2026-06-27T18:48:18.738+0000] {dag.py:4180} INFO - Setting next_dagrun for gold_recovery_score to 2026-06-26 00:00:00+00:00, run_after=2026-06-27 00:00:00+00:00
[2026-06-27T18:48:18.739+0000] {logging_mixin.py:190} INFO - [2026-06-27T18:48:18.739+0000] {dag.py:4180} INFO - Setting next_dagrun for gold_sleep_score to 2026-06-26 00:00:00+00:00, run_after=2026-06-27 00:00:00+00:00
[2026-06-27T18:48:18.748+0000] {processor.py:208} INFO - Processing /opt/airflow/dags/dag_factory.py took 0.072 seconds
[2026-06-27T18:48:49.451+0000] {processor.py:186} INFO - Started process (PID=275) to work on /opt/airflow/dags/dag_factory.py
[2026-06-27T18:48:49.454+0000] {processor.py:914} INFO - Processing file /opt/airflow/dags/dag_factory.py for tasks to queue
[2026-06-27T18:48:49.457+0000] {logging_mixin.py:190} INFO - [2026-06-27T18:48:49.457+0000] {dagbag.py:588} INFO - Filling up the DagBag from /opt/airflow/dags/dag_factory.py
[2026-06-27T18:48:49.492+0000] {processor.py:925} INFO - DAG(s) 'gold_sleep_score', 'gold_recovery_score', 'gold_day_strain' retrieved from /opt/airflow/dags/dag_factory.py
[2026-06-27T18:48:49.526+0000] {logging_mixin.py:190} INFO - [2026-06-27T18:48:49.526+0000] {dag.py:3239} INFO - Sync 3 DAGs
[2026-06-27T18:48:49.538+0000] {logging_mixin.py:190} INFO - [2026-06-27T18:48:49.538+0000] {dag.py:4180} INFO - Setting next_dagrun for gold_day_strain to 2026-06-26 00:00:00+00:00, run_after=2026-06-27 00:00:00+00:00
[2026-06-27T18:48:49.540+0000] {logging_mixin.py:190} INFO - [2026-06-27T18:48:49.540+0000] {dag.py:4180} INFO - Setting next_dagrun for gold_recovery_score to 2026-06-26 00:00:00+00:00, run_after=2026-06-27 00:00:00+00:00
[2026-06-27T18:48:49.540+0000] {logging_mixin.py:190} INFO - [2026-06-27T18:48:49.540+0000] {dag.py:4180} INFO - Setting next_dagrun for gold_sleep_score to 2026-06-26 00:00:00+00:00, run_after=2026-06-27 00:00:00+00:00
[2026-06-27T18:48:49.549+0000] {processor.py:208} INFO - Processing /opt/airflow/dags/dag_factory.py took 0.112 seconds
[2026-06-27T18:49:20.235+0000] {processor.py:186} INFO - Started process (PID=280) to work on /opt/airflow/dags/dag_factory.py
[2026-06-27T18:49:20.236+0000] {processor.py:914} INFO - Processing file /opt/airflow/dags/dag_factory.py for tasks to queue
[2026-06-27T18:49:20.237+0000] {logging_mixin.py:190} INFO - [2026-06-27T18:49:20.237+0000] {dagbag.py:588} INFO - Filling up the DagBag from /opt/airflow/dags/dag_factory.py
[2026-06-27T18:49:20.252+0000] {processor.py:925} INFO - DAG(s) 'gold_recovery_score', 'gold_day_strain', 'gold_sleep_score' retrieved from /opt/airflow/dags/dag_factory.py
[2026-06-27T18:49:20.267+0000] {logging_mixin.py:190} INFO - [2026-06-27T18:49:20.266+0000] {dag.py:3239} INFO - Sync 3 DAGs
[2026-06-27T18:49:20.276+0000] {logging_mixin.py:190} INFO - [2026-06-27T18:49:20.276+0000] {dag.py:4180} INFO - Setting next_dagrun for gold_day_strain to 2026-06-26 00:00:00+00:00, run_after=2026-06-27 00:00:00+00:00
[2026-06-27T18:49:20.277+0000] {logging_mixin.py:190} INFO - [2026-06-27T18:49:20.277+0000] {dag.py:4180} INFO - Setting next_dagrun for gold_recovery_score to 2026-06-26 00:00:00+00:00, run_after=2026-06-27 00:00:00+00:00
[2026-06-27T18:49:20.278+0000] {logging_mixin.py:190} INFO - [2026-06-27T18:49:20.278+0000] {dag.py:4180} INFO - Setting next_dagrun for gold_sleep_score to 2026-06-26 00:00:00+00:00, run_after=2026-06-27 00:00:00+00:00
[2026-06-27T18:49:20.286+0000] {processor.py:208} INFO - Processing /opt/airflow/dags/dag_factory.py took 0.055 seconds
[2026-06-27T18:49:50.925+0000] {processor.py:186} INFO - Started process (PID=285) to work on /opt/airflow/dags/dag_factory.py
[2026-06-27T18:49:50.927+0000] {processor.py:914} INFO - Processing file /opt/airflow/dags/dag_factory.py for tasks to queue
[2026-06-27T18:49:50.929+0000] {logging_mixin.py:190} INFO - [2026-06-27T18:49:50.929+0000] {dagbag.py:588} INFO - Filling up the DagBag from /opt/airflow/dags/dag_factory.py
[2026-06-27T18:49:50.956+0000] {processor.py:925} INFO - DAG(s) 'gold_recovery_score', 'gold_sleep_score', 'gold_day_strain' retrieved from /opt/airflow/dags/dag_factory.py
[2026-06-27T18:49:50.998+0000] {logging_mixin.py:190} INFO - [2026-06-27T18:49:50.998+0000] {dag.py:3239} INFO - Sync 3 DAGs
[2026-06-27T18:49:51.015+0000] {logging_mixin.py:190} INFO - [2026-06-27T18:49:51.015+0000] {dag.py:4180} INFO - Setting next_dagrun for gold_day_strain to 2026-06-26 00:00:00+00:00, run_after=2026-06-27 00:00:00+00:00
[2026-06-27T18:49:51.018+0000] {logging_mixin.py:190} INFO - [2026-06-27T18:49:51.018+0000] {dag.py:4180} INFO - Setting next_dagrun for gold_recovery_score to 2026-06-26 00:00:00+00:00, run_after=2026-06-27 00:00:00+00:00
[2026-06-27T18:49:51.019+0000] {logging_mixin.py:190} INFO - [2026-06-27T18:49:51.019+0000] {dag.py:4180} INFO - Setting next_dagrun for gold_sleep_score to 2026-06-26 00:00:00+00:00, run_after=2026-06-27 00:00:00+00:00
[2026-06-27T18:49:51.029+0000] {processor.py:208} INFO - Processing /opt/airflow/dags/dag_factory.py took 0.115 seconds
[2026-06-27T18:50:21.644+0000] {processor.py:186} INFO - Started process (PID=290) to work on /opt/airflow/dags/dag_factory.py
[2026-06-27T18:50:21.647+0000] {processor.py:914} INFO - Processing file /opt/airflow/dags/dag_factory.py for tasks to queue
[2026-06-27T18:50:21.650+0000] {logging_mixin.py:190} INFO - [2026-06-27T18:50:21.650+0000] {dagbag.py:588} INFO - Filling up the DagBag from /opt/airflow/dags/dag_factory.py
[2026-06-27T18:50:21.674+0000] {processor.py:925} INFO - DAG(s) 'gold_recovery_score', 'gold_sleep_score', 'gold_day_strain' retrieved from /opt/airflow/dags/dag_factory.py
[2026-06-27T18:50:21.690+0000] {logging_mixin.py:190} INFO - [2026-06-27T18:50:21.689+0000] {dag.py:3239} INFO - Sync 3 DAGs
[2026-06-27T18:50:21.701+0000] {logging_mixin.py:190} INFO - [2026-06-27T18:50:21.701+0000] {dag.py:4180} INFO - Setting next_dagrun for gold_day_strain to 2026-06-26 00:00:00+00:00, run_after=2026-06-27 00:00:00+00:00
[2026-06-27T18:50:21.703+0000] {logging_mixin.py:190} INFO - [2026-06-27T18:50:21.703+0000] {dag.py:4180} INFO - Setting next_dagrun for gold_recovery_score to 2026-06-26 00:00:00+00:00, run_after=2026-06-27 00:00:00+00:00
[2026-06-27T18:50:21.704+0000] {logging_mixin.py:190} INFO - [2026-06-27T18:50:21.703+0000] {dag.py:4180} INFO - Setting next_dagrun for gold_sleep_score to 2026-06-26 00:00:00+00:00, run_after=2026-06-27 00:00:00+00:00
[2026-06-27T18:50:21.711+0000] {processor.py:208} INFO - Processing /opt/airflow/dags/dag_factory.py took 0.077 seconds
[2026-06-27T18:50:52.340+0000] {processor.py:186} INFO - Started process (PID=295) to work on /opt/airflow/dags/dag_factory.py
[2026-06-27T18:50:52.342+0000] {processor.py:914} INFO - Processing file /opt/airflow/dags/dag_factory.py for tasks to queue
[2026-06-27T18:50:52.346+0000] {logging_mixin.py:190} INFO - [2026-06-27T18:50:52.345+0000] {dagbag.py:588} INFO - Filling up the DagBag from /opt/airflow/dags/dag_factory.py
[2026-06-27T18:50:52.394+0000] {processor.py:925} INFO - DAG(s) 'gold_day_strain', 'gold_recovery_score', 'gold_sleep_score' retrieved from /opt/airflow/dags/dag_factory.py
[2026-06-27T18:50:52.423+0000] {logging_mixin.py:190} INFO - [2026-06-27T18:50:52.422+0000] {dag.py:3239} INFO - Sync 3 DAGs
[2026-06-27T18:50:52.436+0000] {logging_mixin.py:190} INFO - [2026-06-27T18:50:52.436+0000] {dag.py:4180} INFO - Setting next_dagrun for gold_day_strain to 2026-06-26 00:00:00+00:00, run_after=2026-06-27 00:00:00+00:00
[2026-06-27T18:50:52.438+0000] {logging_mixin.py:190} INFO - [2026-06-27T18:50:52.438+0000] {dag.py:4180} INFO - Setting next_dagrun for gold_recovery_score to 2026-06-26 00:00:00+00:00, run_after=2026-06-27 00:00:00+00:00
[2026-06-27T18:50:52.439+0000] {logging_mixin.py:190} INFO - [2026-06-27T18:50:52.439+0000] {dag.py:4180} INFO - Setting next_dagrun for gold_sleep_score to 2026-06-26 00:00:00+00:00, run_after=2026-06-27 00:00:00+00:00
[2026-06-27T18:50:52.448+0000] {processor.py:208} INFO - Processing /opt/airflow/dags/dag_factory.py took 0.121 seconds
[2026-06-27T18:51:23.111+0000] {processor.py:186} INFO - Started process (PID=300) to work on /opt/airflow/dags/dag_factory.py
[2026-06-27T18:51:23.113+0000] {processor.py:914} INFO - Processing file /opt/airflow/dags/dag_factory.py for tasks to queue
[2026-06-27T18:51:23.118+0000] {logging_mixin.py:190} INFO - [2026-06-27T18:51:23.117+0000] {dagbag.py:588} INFO - Filling up the DagBag from /opt/airflow/dags/dag_factory.py
[2026-06-27T18:51:23.141+0000] {processor.py:925} INFO - DAG(s) 'gold_recovery_score', 'gold_day_strain', 'gold_sleep_score' retrieved from /opt/airflow/dags/dag_factory.py
[2026-06-27T18:51:23.155+0000] {logging_mixin.py:190} INFO - [2026-06-27T18:51:23.155+0000] {dag.py:3239} INFO - Sync 3 DAGs
[2026-06-27T18:51:23.165+0000] {logging_mixin.py:190} INFO - [2026-06-27T18:51:23.165+0000] {dag.py:4180} INFO - Setting next_dagrun for gold_day_strain to 2026-06-26 00:00:00+00:00, run_after=2026-06-27 00:00:00+00:00
[2026-06-27T18:51:23.167+0000] {logging_mixin.py:190} INFO - [2026-06-27T18:51:23.167+0000] {dag.py:4180} INFO - Setting next_dagrun for gold_recovery_score to 2026-06-26 00:00:00+00:00, run_after=2026-06-27 00:00:00+00:00
[2026-06-27T18:51:23.168+0000] {logging_mixin.py:190} INFO - [2026-06-27T18:51:23.168+0000] {dag.py:4180} INFO - Setting next_dagrun for gold_sleep_score to 2026-06-26 00:00:00+00:00, run_after=2026-06-27 00:00:00+00:00
[2026-06-27T18:51:23.175+0000] {processor.py:208} INFO - Processing /opt/airflow/dags/dag_factory.py took 0.077 seconds
[2026-06-27T18:51:53.752+0000] {processor.py:186} INFO - Started process (PID=305) to work on /opt/airflow/dags/dag_factory.py
[2026-06-27T18:51:53.754+0000] {processor.py:914} INFO - Processing file /opt/airflow/dags/dag_factory.py for tasks to queue
[2026-06-27T18:51:53.759+0000] {logging_mixin.py:190} INFO - [2026-06-27T18:51:53.758+0000] {dagbag.py:588} INFO - Filling up the DagBag from /opt/airflow/dags/dag_factory.py
[2026-06-27T18:51:53.793+0000] {processor.py:925} INFO - DAG(s) 'gold_day_strain', 'gold_sleep_score', 'gold_recovery_score' retrieved from /opt/airflow/dags/dag_factory.py
[2026-06-27T18:51:53.815+0000] {logging_mixin.py:190} INFO - [2026-06-27T18:51:53.815+0000] {dag.py:3239} INFO - Sync 3 DAGs
[2026-06-27T18:51:53.832+0000] {logging_mixin.py:190} INFO - [2026-06-27T18:51:53.832+0000] {dag.py:4180} INFO - Setting next_dagrun for gold_day_strain to 2026-06-26 00:00:00+00:00, run_after=2026-06-27 00:00:00+00:00
[2026-06-27T18:51:53.834+0000] {logging_mixin.py:190} INFO - [2026-06-27T18:51:53.834+0000] {dag.py:4180} INFO - Setting next_dagrun for gold_recovery_score to 2026-06-26 00:00:00+00:00, run_after=2026-06-27 00:00:00+00:00
[2026-06-27T18:51:53.835+0000] {logging_mixin.py:190} INFO - [2026-06-27T18:51:53.835+0000] {dag.py:4180} INFO - Setting next_dagrun for gold_sleep_score to 2026-06-26 00:00:00+00:00, run_after=2026-06-27 00:00:00+00:00
[2026-06-27T18:51:53.843+0000] {processor.py:208} INFO - Processing /opt/airflow/dags/dag_factory.py took 0.110 seconds
[2026-06-27T18:52:24.505+0000] {processor.py:186} INFO - Started process (PID=310) to work on /opt/airflow/dags/dag_factory.py
[2026-06-27T18:52:24.507+0000] {processor.py:914} INFO - Processing file /opt/airflow/dags/dag_factory.py for tasks to queue
[2026-06-27T18:52:24.510+0000] {logging_mixin.py:190} INFO - [2026-06-27T18:52:24.510+0000] {dagbag.py:588} INFO - Filling up the DagBag from /opt/airflow/dags/dag_factory.py
[2026-06-27T18:52:24.540+0000] {processor.py:925} INFO - DAG(s) 'gold_recovery_score', 'gold_day_strain', 'gold_sleep_score' retrieved from /opt/airflow/dags/dag_factory.py
[2026-06-27T18:52:24.559+0000] {logging_mixin.py:190} INFO - [2026-06-27T18:52:24.559+0000] {dag.py:3239} INFO - Sync 3 DAGs
[2026-06-27T18:52:24.572+0000] {logging_mixin.py:190} INFO - [2026-06-27T18:52:24.572+0000] {dag.py:4180} INFO - Setting next_dagrun for gold_day_strain to 2026-06-26 00:00:00+00:00, run_after=2026-06-27 00:00:00+00:00
[2026-06-27T18:52:24.574+0000] {logging_mixin.py:190} INFO - [2026-06-27T18:52:24.574+0000] {dag.py:4180} INFO - Setting next_dagrun for gold_recovery_score to 2026-06-26 00:00:00+00:00, run_after=2026-06-27 00:00:00+00:00
[2026-06-27T18:52:24.575+0000] {logging_mixin.py:190} INFO - [2026-06-27T18:52:24.575+0000] {dag.py:4180} INFO - Setting next_dagrun for gold_sleep_score to 2026-06-26 00:00:00+00:00, run_after=2026-06-27 00:00:00+00:00
[2026-06-27T18:52:24.583+0000] {processor.py:208} INFO - Processing /opt/airflow/dags/dag_factory.py took 0.087 seconds
[2026-06-27T18:52:55.243+0000] {processor.py:186} INFO - Started process (PID=315) to work on /opt/airflow/dags/dag_factory.py
[2026-06-27T18:52:55.244+0000] {processor.py:914} INFO - Processing file /opt/airflow/dags/dag_factory.py for tasks to queue
[2026-06-27T18:52:55.248+0000] {logging_mixin.py:190} INFO - [2026-06-27T18:52:55.247+0000] {dagbag.py:588} INFO - Filling up the DagBag from /opt/airflow/dags/dag_factory.py
[2026-06-27T18:52:55.270+0000] {processor.py:925} INFO - DAG(s) 'gold_day_strain', 'gold_sleep_score', 'gold_recovery_score' retrieved from /opt/airflow/dags/dag_factory.py
[2026-06-27T18:52:55.289+0000] {logging_mixin.py:190} INFO - [2026-06-27T18:52:55.289+0000] {dag.py:3239} INFO - Sync 3 DAGs
[2026-06-27T18:52:55.301+0000] {logging_mixin.py:190} INFO - [2026-06-27T18:52:55.300+0000] {dag.py:4180} INFO - Setting next_dagrun for gold_day_strain to 2026-06-26 00:00:00+00:00, run_after=2026-06-27 00:00:00+00:00
[2026-06-27T18:52:55.303+0000] {logging_mixin.py:190} INFO - [2026-06-27T18:52:55.303+0000] {dag.py:4180} INFO - Setting next_dagrun for gold_recovery_score to 2026-06-26 00:00:00+00:00, run_after=2026-06-27 00:00:00+00:00
[2026-06-27T18:52:55.304+0000] {logging_mixin.py:190} INFO - [2026-06-27T18:52:55.303+0000] {dag.py:4180} INFO - Setting next_dagrun for gold_sleep_score to 2026-06-26 00:00:00+00:00, run_after=2026-06-27 00:00:00+00:00
[2026-06-27T18:52:55.311+0000] {processor.py:208} INFO - Processing /opt/airflow/dags/dag_factory.py took 0.078 seconds
[2026-06-27T18:53:26.045+0000] {processor.py:186} INFO - Started process (PID=320) to work on /opt/airflow/dags/dag_factory.py
[2026-06-27T18:53:26.048+0000] {processor.py:914} INFO - Processing file /opt/airflow/dags/dag_factory.py for tasks to queue
[2026-06-27T18:53:26.054+0000] {logging_mixin.py:190} INFO - [2026-06-27T18:53:26.052+0000] {dagbag.py:588} INFO - Filling up the DagBag from /opt/airflow/dags/dag_factory.py
[2026-06-27T18:53:26.091+0000] {processor.py:925} INFO - DAG(s) 'gold_recovery_score', 'gold_sleep_score', 'gold_day_strain' retrieved from /opt/airflow/dags/dag_factory.py
[2026-06-27T18:53:26.113+0000] {logging_mixin.py:190} INFO - [2026-06-27T18:53:26.113+0000] {dag.py:3239} INFO - Sync 3 DAGs
[2026-06-27T18:53:26.125+0000] {logging_mixin.py:190} INFO - [2026-06-27T18:53:26.125+0000] {dag.py:4180} INFO - Setting next_dagrun for gold_day_strain to 2026-06-26 00:00:00+00:00, run_after=2026-06-27 00:00:00+00:00
[2026-06-27T18:53:26.128+0000] {logging_mixin.py:190} INFO - [2026-06-27T18:53:26.128+0000] {dag.py:4180} INFO - Setting next_dagrun for gold_recovery_score to 2026-06-26 00:00:00+00:00, run_after=2026-06-27 00:00:00+00:00
[2026-06-27T18:53:26.129+0000] {logging_mixin.py:190} INFO - [2026-06-27T18:53:26.129+0000] {dag.py:4180} INFO - Setting next_dagrun for gold_sleep_score to 2026-06-26 00:00:00+00:00, run_after=2026-06-27 00:00:00+00:00
[2026-06-27T18:53:26.137+0000] {processor.py:208} INFO - Processing /opt/airflow/dags/dag_factory.py took 0.105 seconds
[2026-06-27T18:53:56.708+0000] {processor.py:186} INFO - Started process (PID=325) to work on /opt/airflow/dags/dag_factory.py
[2026-06-27T18:53:56.711+0000] {processor.py:914} INFO - Processing file /opt/airflow/dags/dag_factory.py for tasks to queue
[2026-06-27T18:53:56.713+0000] {logging_mixin.py:190} INFO - [2026-06-27T18:53:56.713+0000] {dagbag.py:588} INFO - Filling up the DagBag from /opt/airflow/dags/dag_factory.py
[2026-06-27T18:53:56.740+0000] {processor.py:925} INFO - DAG(s) 'gold_day_strain', 'gold_recovery_score', 'gold_sleep_score' retrieved from /opt/airflow/dags/dag_factory.py
[2026-06-27T18:53:56.756+0000] {logging_mixin.py:190} INFO - [2026-06-27T18:53:56.756+0000] {dag.py:3239} INFO - Sync 3 DAGs
[2026-06-27T18:53:56.768+0000] {logging_mixin.py:190} INFO - [2026-06-27T18:53:56.767+0000] {dag.py:4180} INFO - Setting next_dagrun for gold_day_strain to 2026-06-26 00:00:00+00:00, run_after=2026-06-27 00:00:00+00:00
[2026-06-27T18:53:56.769+0000] {logging_mixin.py:190} INFO - [2026-06-27T18:53:56.769+0000] {dag.py:4180} INFO - Setting next_dagrun for gold_recovery_score to 2026-06-26 00:00:00+00:00, run_after=2026-06-27 00:00:00+00:00
[2026-06-27T18:53:56.770+0000] {logging_mixin.py:190} INFO - [2026-06-27T18:53:56.770+0000] {dag.py:4180} INFO - Setting next_dagrun for gold_sleep_score to 2026-06-26 00:00:00+00:00, run_after=2026-06-27 00:00:00+00:00
[2026-06-27T18:53:56.779+0000] {processor.py:208} INFO - Processing /opt/airflow/dags/dag_factory.py took 0.083 seconds
[2026-06-27T18:54:27.544+0000] {processor.py:186} INFO - Started process (PID=330) to work on /opt/airflow/dags/dag_factory.py
[2026-06-27T18:54:27.547+0000] {processor.py:914} INFO - Processing file /opt/airflow/dags/dag_factory.py for tasks to queue
[2026-06-27T18:54:27.551+0000] {logging_mixin.py:190} INFO - [2026-06-27T18:54:27.550+0000] {dagbag.py:588} INFO - Filling up the DagBag from /opt/airflow/dags/dag_factory.py
[2026-06-27T18:54:27.587+0000] {processor.py:925} INFO - DAG(s) 'gold_recovery_score', 'gold_day_strain', 'gold_sleep_score' retrieved from /opt/airflow/dags/dag_factory.py
[2026-06-27T18:54:27.615+0000] {logging_mixin.py:190} INFO - [2026-06-27T18:54:27.615+0000] {dag.py:3239} INFO - Sync 3 DAGs
[2026-06-27T18:54:27.630+0000] {logging_mixin.py:190} INFO - [2026-06-27T18:54:27.630+0000] {dag.py:4180} INFO - Setting next_dagrun for gold_day_strain to 2026-06-26 00:00:00+00:00, run_after=2026-06-27 00:00:00+00:00
[2026-06-27T18:54:27.632+0000] {logging_mixin.py:190} INFO - [2026-06-27T18:54:27.632+0000] {dag.py:4180} INFO - Setting next_dagrun for gold_recovery_score to 2026-06-26 00:00:00+00:00, run_after=2026-06-27 00:00:00+00:00
[2026-06-27T18:54:27.633+0000] {logging_mixin.py:190} INFO - [2026-06-27T18:54:27.633+0000] {dag.py:4180} INFO - Setting next_dagrun for gold_sleep_score to 2026-06-26 00:00:00+00:00, run_after=2026-06-27 00:00:00+00:00
[2026-06-27T18:54:27.644+0000] {processor.py:208} INFO - Processing /opt/airflow/dags/dag_factory.py took 0.117 seconds
[2026-06-27T18:54:58.324+0000] {processor.py:186} INFO - Started process (PID=335) to work on /opt/airflow/dags/dag_factory.py
[2026-06-27T18:54:58.327+0000] {processor.py:914} INFO - Processing file /opt/airflow/dags/dag_factory.py for tasks to queue
[2026-06-27T18:54:58.330+0000] {logging_mixin.py:190} INFO - [2026-06-27T18:54:58.329+0000] {dagbag.py:588} INFO - Filling up the DagBag from /opt/airflow/dags/dag_factory.py
[2026-06-27T18:54:58.366+0000] {processor.py:925} INFO - DAG(s) 'gold_day_strain', 'gold_recovery_score', 'gold_sleep_score' retrieved from /opt/airflow/dags/dag_factory.py
[2026-06-27T18:54:58.395+0000] {logging_mixin.py:190} INFO - [2026-06-27T18:54:58.395+0000] {dag.py:3239} INFO - Sync 3 DAGs
[2026-06-27T18:54:58.409+0000] {logging_mixin.py:190} INFO - [2026-06-27T18:54:58.409+0000] {dag.py:4180} INFO - Setting next_dagrun for gold_day_strain to 2026-06-26 00:00:00+00:00, run_after=2026-06-27 00:00:00+00:00
[2026-06-27T18:54:58.411+0000] {logging_mixin.py:190} INFO - [2026-06-27T18:54:58.411+0000] {dag.py:4180} INFO - Setting next_dagrun for gold_recovery_score to 2026-06-26 00:00:00+00:00, run_after=2026-06-27 00:00:00+00:00
[2026-06-27T18:54:58.412+0000] {logging_mixin.py:190} INFO - [2026-06-27T18:54:58.412+0000] {dag.py:4180} INFO - Setting next_dagrun for gold_sleep_score to 2026-06-26 00:00:00+00:00, run_after=2026-06-27 00:00:00+00:00
[2026-06-27T18:54:58.423+0000] {processor.py:208} INFO - Processing /opt/airflow/dags/dag_factory.py took 0.117 seconds
[2026-06-27T18:55:29.000+0000] {processor.py:186} INFO - Started process (PID=340) to work on /opt/airflow/dags/dag_factory.py
[2026-06-27T18:55:29.002+0000] {processor.py:914} INFO - Processing file /opt/airflow/dags/dag_factory.py for tasks to queue
[2026-06-27T18:55:29.007+0000] {logging_mixin.py:190} INFO - [2026-06-27T18:55:29.006+0000] {dagbag.py:588} INFO - Filling up the DagBag from /opt/airflow/dags/dag_factory.py
[2026-06-27T18:55:29.038+0000] {processor.py:925} INFO - DAG(s) 'gold_day_strain', 'gold_recovery_score', 'gold_sleep_score' retrieved from /opt/airflow/dags/dag_factory.py
[2026-06-27T18:55:29.059+0000] {logging_mixin.py:190} INFO - [2026-06-27T18:55:29.058+0000] {dag.py:3239} INFO - Sync 3 DAGs
[2026-06-27T18:55:29.072+0000] {logging_mixin.py:190} INFO - [2026-06-27T18:55:29.072+0000] {dag.py:4180} INFO - Setting next_dagrun for gold_day_strain to 2026-06-26 00:00:00+00:00, run_after=2026-06-27 00:00:00+00:00
[2026-06-27T18:55:29.074+0000] {logging_mixin.py:190} INFO - [2026-06-27T18:55:29.074+0000] {dag.py:4180} INFO - Setting next_dagrun for gold_recovery_score to 2026-06-26 00:00:00+00:00, run_after=2026-06-27 00:00:00+00:00
[2026-06-27T18:55:29.075+0000] {logging_mixin.py:190} INFO - [2026-06-27T18:55:29.075+0000] {dag.py:4180} INFO - Setting next_dagrun for gold_sleep_score to 2026-06-26 00:00:00+00:00, run_after=2026-06-27 00:00:00+00:00
[2026-06-27T18:55:29.082+0000] {processor.py:208} INFO - Processing /opt/airflow/dags/dag_factory.py took 0.093 seconds
[2026-06-27T18:55:59.709+0000] {processor.py:186} INFO - Started process (PID=345) to work on /opt/airflow/dags/dag_factory.py
[2026-06-27T18:55:59.713+0000] {processor.py:914} INFO - Processing file /opt/airflow/dags/dag_factory.py for tasks to queue
[2026-06-27T18:55:59.717+0000] {logging_mixin.py:190} INFO - [2026-06-27T18:55:59.717+0000] {dagbag.py:588} INFO - Filling up the DagBag from /opt/airflow/dags/dag_factory.py
[2026-06-27T18:55:59.754+0000] {processor.py:925} INFO - DAG(s) 'gold_recovery_score', 'gold_day_strain', 'gold_sleep_score' retrieved from /opt/airflow/dags/dag_factory.py
[2026-06-27T18:55:59.779+0000] {logging_mixin.py:190} INFO - [2026-06-27T18:55:59.779+0000] {dag.py:3239} INFO - Sync 3 DAGs
[2026-06-27T18:55:59.789+0000] {logging_mixin.py:190} INFO - [2026-06-27T18:55:59.789+0000] {dag.py:4180} INFO - Setting next_dagrun for gold_day_strain to 2026-06-26 00:00:00+00:00, run_after=2026-06-27 00:00:00+00:00
[2026-06-27T18:55:59.791+0000] {logging_mixin.py:190} INFO - [2026-06-27T18:55:59.791+0000] {dag.py:4180} INFO - Setting next_dagrun for gold_recovery_score to 2026-06-26 00:00:00+00:00, run_after=2026-06-27 00:00:00+00:00
[2026-06-27T18:55:59.792+0000] {logging_mixin.py:190} INFO - [2026-06-27T18:55:59.792+0000] {dag.py:4180} INFO - Setting next_dagrun for gold_sleep_score to 2026-06-26 00:00:00+00:00, run_after=2026-06-27 00:00:00+00:00
[2026-06-27T18:55:59.799+0000] {processor.py:208} INFO - Processing /opt/airflow/dags/dag_factory.py took 0.105 seconds
[2026-06-27T18:56:30.350+0000] {processor.py:186} INFO - Started process (PID=350) to work on /opt/airflow/dags/dag_factory.py
[2026-06-27T18:56:30.352+0000] {processor.py:914} INFO - Processing file /opt/airflow/dags/dag_factory.py for tasks to queue
[2026-06-27T18:56:30.355+0000] {logging_mixin.py:190} INFO - [2026-06-27T18:56:30.354+0000] {dagbag.py:588} INFO - Filling up the DagBag from /opt/airflow/dags/dag_factory.py
[2026-06-27T18:56:30.381+0000] {processor.py:925} INFO - DAG(s) 'gold_day_strain', 'gold_sleep_score', 'gold_recovery_score' retrieved from /opt/airflow/dags/dag_factory.py
[2026-06-27T18:56:30.398+0000] {logging_mixin.py:190} INFO - [2026-06-27T18:56:30.398+0000] {dag.py:3239} INFO - Sync 3 DAGs
[2026-06-27T18:56:30.409+0000] {logging_mixin.py:190} INFO - [2026-06-27T18:56:30.409+0000] {dag.py:4180} INFO - Setting next_dagrun for gold_day_strain to 2026-06-26 00:00:00+00:00, run_after=2026-06-27 00:00:00+00:00
[2026-06-27T18:56:30.410+0000] {logging_mixin.py:190} INFO - [2026-06-27T18:56:30.410+0000] {dag.py:4180} INFO - Setting next_dagrun for gold_recovery_score to 2026-06-26 00:00:00+00:00, run_after=2026-06-27 00:00:00+00:00
[2026-06-27T18:56:30.411+0000] {logging_mixin.py:190} INFO - [2026-06-27T18:56:30.411+0000] {dag.py:4180} INFO - Setting next_dagrun for gold_sleep_score to 2026-06-26 00:00:00+00:00, run_after=2026-06-27 00:00:00+00:00
[2026-06-27T18:56:30.418+0000] {processor.py:208} INFO - Processing /opt/airflow/dags/dag_factory.py took 0.079 seconds
[2026-06-27T18:57:01.073+0000] {processor.py:186} INFO - Started process (PID=355) to work on /opt/airflow/dags/dag_factory.py
[2026-06-27T18:57:01.078+0000] {processor.py:914} INFO - Processing file /opt/airflow/dags/dag_factory.py for tasks to queue
[2026-06-27T18:57:01.088+0000] {logging_mixin.py:190} INFO - [2026-06-27T18:57:01.085+0000] {dagbag.py:588} INFO - Filling up the DagBag from /opt/airflow/dags/dag_factory.py
[2026-06-27T18:57:01.143+0000] {processor.py:925} INFO - DAG(s) 'gold_sleep_score', 'gold_recovery_score', 'gold_day_strain' retrieved from /opt/airflow/dags/dag_factory.py
[2026-06-27T18:57:01.184+0000] {logging_mixin.py:190} INFO - [2026-06-27T18:57:01.184+0000] {dag.py:3239} INFO - Sync 3 DAGs
[2026-06-27T18:57:01.211+0000] {logging_mixin.py:190} INFO - [2026-06-27T18:57:01.211+0000] {dag.py:4180} INFO - Setting next_dagrun for gold_day_strain to 2026-06-26 00:00:00+00:00, run_after=2026-06-27 00:00:00+00:00
[2026-06-27T18:57:01.214+0000] {logging_mixin.py:190} INFO - [2026-06-27T18:57:01.213+0000] {dag.py:4180} INFO - Setting next_dagrun for gold_recovery_score to 2026-06-26 00:00:00+00:00, run_after=2026-06-27 00:00:00+00:00
[2026-06-27T18:57:01.215+0000] {logging_mixin.py:190} INFO - [2026-06-27T18:57:01.215+0000] {dag.py:4180} INFO - Setting next_dagrun for gold_sleep_score to 2026-06-26 00:00:00+00:00, run_after=2026-06-27 00:00:00+00:00
[2026-06-27T18:57:01.226+0000] {processor.py:208} INFO - Processing /opt/airflow/dags/dag_factory.py took 0.175 seconds
[2026-06-27T18:57:32.051+0000] {processor.py:186} INFO - Started process (PID=360) to work on /opt/airflow/dags/dag_factory.py
[2026-06-27T18:57:32.052+0000] {processor.py:914} INFO - Processing file /opt/airflow/dags/dag_factory.py for tasks to queue
[2026-06-27T18:57:32.054+0000] {logging_mixin.py:190} INFO - [2026-06-27T18:57:32.054+0000] {dagbag.py:588} INFO - Filling up the DagBag from /opt/airflow/dags/dag_factory.py
[2026-06-27T18:57:32.072+0000] {processor.py:925} INFO - DAG(s) 'gold_day_strain', 'gold_recovery_score', 'gold_sleep_score' retrieved from /opt/airflow/dags/dag_factory.py
[2026-06-27T18:57:32.092+0000] {logging_mixin.py:190} INFO - [2026-06-27T18:57:32.092+0000] {dag.py:3239} INFO - Sync 3 DAGs
[2026-06-27T18:57:32.104+0000] {logging_mixin.py:190} INFO - [2026-06-27T18:57:32.104+0000] {dag.py:4180} INFO - Setting next_dagrun for gold_day_strain to 2026-06-26 00:00:00+00:00, run_after=2026-06-27 00:00:00+00:00
[2026-06-27T18:57:32.106+0000] {logging_mixin.py:190} INFO - [2026-06-27T18:57:32.106+0000] {dag.py:4180} INFO - Setting next_dagrun for gold_recovery_score to 2026-06-26 00:00:00+00:00, run_after=2026-06-27 00:00:00+00:00
[2026-06-27T18:57:32.108+0000] {logging_mixin.py:190} INFO - [2026-06-27T18:57:32.108+0000] {dag.py:4180} INFO - Setting next_dagrun for gold_sleep_score to 2026-06-26 00:00:00+00:00, run_after=2026-06-27 00:00:00+00:00
[2026-06-27T18:57:32.117+0000] {processor.py:208} INFO - Processing /opt/airflow/dags/dag_factory.py took 0.071 seconds
[2026-06-27T18:58:02.769+0000] {processor.py:186} INFO - Started process (PID=365) to work on /opt/airflow/dags/dag_factory.py
[2026-06-27T18:58:02.772+0000] {processor.py:914} INFO - Processing file /opt/airflow/dags/dag_factory.py for tasks to queue
[2026-06-27T18:58:02.776+0000] {logging_mixin.py:190} INFO - [2026-06-27T18:58:02.775+0000] {dagbag.py:588} INFO - Filling up the DagBag from /opt/airflow/dags/dag_factory.py
[2026-06-27T18:58:02.808+0000] {processor.py:925} INFO - DAG(s) 'gold_recovery_score', 'gold_sleep_score', 'gold_day_strain' retrieved from /opt/airflow/dags/dag_factory.py
[2026-06-27T18:58:02.839+0000] {logging_mixin.py:190} INFO - [2026-06-27T18:58:02.839+0000] {dag.py:3239} INFO - Sync 3 DAGs
[2026-06-27T18:58:02.852+0000] {logging_mixin.py:190} INFO - [2026-06-27T18:58:02.852+0000] {dag.py:4180} INFO - Setting next_dagrun for gold_day_strain to 2026-06-26 00:00:00+00:00, run_after=2026-06-27 00:00:00+00:00
[2026-06-27T18:58:02.854+0000] {logging_mixin.py:190} INFO - [2026-06-27T18:58:02.854+0000] {dag.py:4180} INFO - Setting next_dagrun for gold_recovery_score to 2026-06-26 00:00:00+00:00, run_after=2026-06-27 00:00:00+00:00
[2026-06-27T18:58:02.855+0000] {logging_mixin.py:190} INFO - [2026-06-27T18:58:02.855+0000] {dag.py:4180} INFO - Setting next_dagrun for gold_sleep_score to 2026-06-26 00:00:00+00:00, run_after=2026-06-27 00:00:00+00:00
[2026-06-27T18:58:02.863+0000] {processor.py:208} INFO - Processing /opt/airflow/dags/dag_factory.py took 0.113 seconds
[2026-06-27T18:58:33.485+0000] {processor.py:186} INFO - Started process (PID=370) to work on /opt/airflow/dags/dag_factory.py
[2026-06-27T18:58:33.488+0000] {processor.py:914} INFO - Processing file /opt/airflow/dags/dag_factory.py for tasks to queue
[2026-06-27T18:58:33.492+0000] {logging_mixin.py:190} INFO - [2026-06-27T18:58:33.492+0000] {dagbag.py:588} INFO - Filling up the DagBag from /opt/airflow/dags/dag_factory.py
[2026-06-27T18:58:33.517+0000] {processor.py:925} INFO - DAG(s) 'gold_day_strain', 'gold_sleep_score', 'gold_recovery_score' retrieved from /opt/airflow/dags/dag_factory.py
[2026-06-27T18:58:33.541+0000] {logging_mixin.py:190} INFO - [2026-06-27T18:58:33.541+0000] {dag.py:3239} INFO - Sync 3 DAGs
[2026-06-27T18:58:33.555+0000] {logging_mixin.py:190} INFO - [2026-06-27T18:58:33.555+0000] {dag.py:4180} INFO - Setting next_dagrun for gold_day_strain to 2026-06-26 00:00:00+00:00, run_after=2026-06-27 00:00:00+00:00
[2026-06-27T18:58:33.556+0000] {logging_mixin.py:190} INFO - [2026-06-27T18:58:33.556+0000] {dag.py:4180} INFO - Setting next_dagrun for gold_recovery_score to 2026-06-26 00:00:00+00:00, run_after=2026-06-27 00:00:00+00:00
[2026-06-27T18:58:33.557+0000] {logging_mixin.py:190} INFO - [2026-06-27T18:58:33.557+0000] {dag.py:4180} INFO - Setting next_dagrun for gold_sleep_score to 2026-06-26 00:00:00+00:00, run_after=2026-06-27 00:00:00+00:00
[2026-06-27T18:58:33.565+0000] {processor.py:208} INFO - Processing /opt/airflow/dags/dag_factory.py took 0.092 seconds
[2026-06-27T18:59:04.176+0000] {processor.py:186} INFO - Started process (PID=375) to work on /opt/airflow/dags/dag_factory.py
[2026-06-27T18:59:04.179+0000] {processor.py:914} INFO - Processing file /opt/airflow/dags/dag_factory.py for tasks to queue
[2026-06-27T18:59:04.182+0000] {logging_mixin.py:190} INFO - [2026-06-27T18:59:04.181+0000] {dagbag.py:588} INFO - Filling up the DagBag from /opt/airflow/dags/dag_factory.py
[2026-06-27T18:59:04.210+0000] {processor.py:925} INFO - DAG(s) 'gold_sleep_score', 'gold_day_strain', 'gold_recovery_score' retrieved from /opt/airflow/dags/dag_factory.py
[2026-06-27T18:59:04.224+0000] {logging_mixin.py:190} INFO - [2026-06-27T18:59:04.224+0000] {dag.py:3239} INFO - Sync 3 DAGs
[2026-06-27T18:59:04.235+0000] {logging_mixin.py:190} INFO - [2026-06-27T18:59:04.235+0000] {dag.py:4180} INFO - Setting next_dagrun for gold_day_strain to 2026-06-26 00:00:00+00:00, run_after=2026-06-27 00:00:00+00:00
[2026-06-27T18:59:04.236+0000] {logging_mixin.py:190} INFO - [2026-06-27T18:59:04.236+0000] {dag.py:4180} INFO - Setting next_dagrun for gold_recovery_score to 2026-06-26 00:00:00+00:00, run_after=2026-06-27 00:00:00+00:00
[2026-06-27T18:59:04.237+0000] {logging_mixin.py:190} INFO - [2026-06-27T18:59:04.237+0000] {dag.py:4180} INFO - Setting next_dagrun for gold_sleep_score to 2026-06-26 00:00:00+00:00, run_after=2026-06-27 00:00:00+00:00
[2026-06-27T18:59:04.244+0000] {processor.py:208} INFO - Processing /opt/airflow/dags/dag_factory.py took 0.076 seconds
[2026-06-27T18:59:34.911+0000] {processor.py:186} INFO - Started process (PID=380) to work on /opt/airflow/dags/dag_factory.py
[2026-06-27T18:59:34.914+0000] {processor.py:914} INFO - Processing file /opt/airflow/dags/dag_factory.py for tasks to queue
[2026-06-27T18:59:34.918+0000] {logging_mixin.py:190} INFO - [2026-06-27T18:59:34.918+0000] {dagbag.py:588} INFO - Filling up the DagBag from /opt/airflow/dags/dag_factory.py
[2026-06-27T18:59:34.950+0000] {processor.py:925} INFO - DAG(s) 'gold_day_strain', 'gold_recovery_score', 'gold_sleep_score' retrieved from /opt/airflow/dags/dag_factory.py
[2026-06-27T18:59:34.975+0000] {logging_mixin.py:190} INFO - [2026-06-27T18:59:34.975+0000] {dag.py:3239} INFO - Sync 3 DAGs
[2026-06-27T18:59:34.987+0000] {logging_mixin.py:190} INFO - [2026-06-27T18:59:34.987+0000] {dag.py:4180} INFO - Setting next_dagrun for gold_day_strain to 2026-06-26 00:00:00+00:00, run_after=2026-06-27 00:00:00+00:00
[2026-06-27T18:59:34.988+0000] {logging_mixin.py:190} INFO - [2026-06-27T18:59:34.988+0000] {dag.py:4180} INFO - Setting next_dagrun for gold_recovery_score to 2026-06-26 00:00:00+00:00, run_after=2026-06-27 00:00:00+00:00
[2026-06-27T18:59:34.989+0000] {logging_mixin.py:190} INFO - [2026-06-27T18:59:34.989+0000] {dag.py:4180} INFO - Setting next_dagrun for gold_sleep_score to 2026-06-26 00:00:00+00:00, run_after=2026-06-27 00:00:00+00:00
[2026-06-27T18:59:34.997+0000] {processor.py:208} INFO - Processing /opt/airflow/dags/dag_factory.py took 0.103 seconds
[2026-06-27T19:00:05.653+0000] {processor.py:186} INFO - Started process (PID=385) to work on /opt/airflow/dags/dag_factory.py
[2026-06-27T19:00:05.656+0000] {processor.py:914} INFO - Processing file /opt/airflow/dags/dag_factory.py for tasks to queue
[2026-06-27T19:00:05.660+0000] {logging_mixin.py:190} INFO - [2026-06-27T19:00:05.659+0000] {dagbag.py:588} INFO - Filling up the DagBag from /opt/airflow/dags/dag_factory.py
[2026-06-27T19:00:05.687+0000] {processor.py:925} INFO - DAG(s) 'gold_recovery_score', 'gold_sleep_score', 'gold_day_strain' retrieved from /opt/airflow/dags/dag_factory.py
[2026-06-27T19:00:05.707+0000] {logging_mixin.py:190} INFO - [2026-06-27T19:00:05.707+0000] {dag.py:3239} INFO - Sync 3 DAGs
[2026-06-27T19:00:05.720+0000] {logging_mixin.py:190} INFO - [2026-06-27T19:00:05.720+0000] {dag.py:4180} INFO - Setting next_dagrun for gold_day_strain to 2026-06-26 00:00:00+00:00, run_after=2026-06-27 00:00:00+00:00
[2026-06-27T19:00:05.722+0000] {logging_mixin.py:190} INFO - [2026-06-27T19:00:05.722+0000] {dag.py:4180} INFO - Setting next_dagrun for gold_recovery_score to 2026-06-26 00:00:00+00:00, run_after=2026-06-27 00:00:00+00:00
[2026-06-27T19:00:05.723+0000] {logging_mixin.py:190} INFO - [2026-06-27T19:00:05.723+0000] {dag.py:4180} INFO - Setting next_dagrun for gold_sleep_score to 2026-06-26 00:00:00+00:00, run_after=2026-06-27 00:00:00+00:00
[2026-06-27T19:00:05.732+0000] {processor.py:208} INFO - Processing /opt/airflow/dags/dag_factory.py took 0.089 seconds
[2026-06-27T19:00:36.309+0000] {processor.py:186} INFO - Started process (PID=390) to work on /opt/airflow/dags/dag_factory.py
[2026-06-27T19:00:36.311+0000] {processor.py:914} INFO - Processing file /opt/airflow/dags/dag_factory.py for tasks to queue
[2026-06-27T19:00:36.314+0000] {logging_mixin.py:190} INFO - [2026-06-27T19:00:36.314+0000] {dagbag.py:588} INFO - Filling up the DagBag from /opt/airflow/dags/dag_factory.py
[2026-06-27T19:00:36.344+0000] {processor.py:925} INFO - DAG(s) 'gold_day_strain', 'gold_recovery_score', 'gold_sleep_score' retrieved from /opt/airflow/dags/dag_factory.py
[2026-06-27T19:00:36.361+0000] {logging_mixin.py:190} INFO - [2026-06-27T19:00:36.361+0000] {dag.py:3239} INFO - Sync 3 DAGs
[2026-06-27T19:00:36.376+0000] {logging_mixin.py:190} INFO - [2026-06-27T19:00:36.376+0000] {dag.py:4180} INFO - Setting next_dagrun for gold_day_strain to 2026-06-26 00:00:00+00:00, run_after=2026-06-27 00:00:00+00:00
[2026-06-27T19:00:36.378+0000] {logging_mixin.py:190} INFO - [2026-06-27T19:00:36.378+0000] {dag.py:4180} INFO - Setting next_dagrun for gold_recovery_score to 2026-06-26 00:00:00+00:00, run_after=2026-06-27 00:00:00+00:00
[2026-06-27T19:00:36.379+0000] {logging_mixin.py:190} INFO - [2026-06-27T19:00:36.379+0000] {dag.py:4180} INFO - Setting next_dagrun for gold_sleep_score to 2026-06-26 00:00:00+00:00, run_after=2026-06-27 00:00:00+00:00
[2026-06-27T19:00:36.388+0000] {processor.py:208} INFO - Processing /opt/airflow/dags/dag_factory.py took 0.088 seconds
[2026-06-27T19:01:07.089+0000] {processor.py:186} INFO - Started process (PID=395) to work on /opt/airflow/dags/dag_factory.py
[2026-06-27T19:01:07.091+0000] {processor.py:914} INFO - Processing file /opt/airflow/dags/dag_factory.py for tasks to queue
[2026-06-27T19:01:07.094+0000] {logging_mixin.py:190} INFO - [2026-06-27T19:01:07.093+0000] {dagbag.py:588} INFO - Filling up the DagBag from /opt/airflow/dags/dag_factory.py
[2026-06-27T19:01:07.127+0000] {processor.py:925} INFO - DAG(s) 'gold_recovery_score', 'gold_day_strain', 'gold_sleep_score' retrieved from /opt/airflow/dags/dag_factory.py
[2026-06-27T19:01:07.156+0000] {logging_mixin.py:190} INFO - [2026-06-27T19:01:07.156+0000] {dag.py:3239} INFO - Sync 3 DAGs
[2026-06-27T19:01:07.167+0000] {logging_mixin.py:190} INFO - [2026-06-27T19:01:07.167+0000] {dag.py:4180} INFO - Setting next_dagrun for gold_day_strain to 2026-06-26 00:00:00+00:00, run_after=2026-06-27 00:00:00+00:00
[2026-06-27T19:01:07.169+0000] {logging_mixin.py:190} INFO - [2026-06-27T19:01:07.169+0000] {dag.py:4180} INFO - Setting next_dagrun for gold_recovery_score to 2026-06-26 00:00:00+00:00, run_after=2026-06-27 00:00:00+00:00
[2026-06-27T19:01:07.170+0000] {logging_mixin.py:190} INFO - [2026-06-27T19:01:07.170+0000] {dag.py:4180} INFO - Setting next_dagrun for gold_sleep_score to 2026-06-26 00:00:00+00:00, run_after=2026-06-27 00:00:00+00:00
[2026-06-27T19:01:07.178+0000] {processor.py:208} INFO - Processing /opt/airflow/dags/dag_factory.py took 0.108 seconds
[2026-06-27T19:01:37.789+0000] {processor.py:186} INFO - Started process (PID=400) to work on /opt/airflow/dags/dag_factory.py
[2026-06-27T19:01:37.791+0000] {processor.py:914} INFO - Processing file /opt/airflow/dags/dag_factory.py for tasks to queue
[2026-06-27T19:01:37.795+0000] {logging_mixin.py:190} INFO - [2026-06-27T19:01:37.794+0000] {dagbag.py:588} INFO - Filling up the DagBag from /opt/airflow/dags/dag_factory.py
[2026-06-27T19:01:37.828+0000] {processor.py:925} INFO - DAG(s) 'gold_day_strain', 'gold_recovery_score', 'gold_sleep_score' retrieved from /opt/airflow/dags/dag_factory.py
[2026-06-27T19:01:37.847+0000] {logging_mixin.py:190} INFO - [2026-06-27T19:01:37.847+0000] {dag.py:3239} INFO - Sync 3 DAGs
[2026-06-27T19:01:37.859+0000] {logging_mixin.py:190} INFO - [2026-06-27T19:01:37.859+0000] {dag.py:4180} INFO - Setting next_dagrun for gold_day_strain to 2026-06-26 00:00:00+00:00, run_after=2026-06-27 00:00:00+00:00
[2026-06-27T19:01:37.861+0000] {logging_mixin.py:190} INFO - [2026-06-27T19:01:37.861+0000] {dag.py:4180} INFO - Setting next_dagrun for gold_recovery_score to 2026-06-26 00:00:00+00:00, run_after=2026-06-27 00:00:00+00:00
[2026-06-27T19:01:37.862+0000] {logging_mixin.py:190} INFO - [2026-06-27T19:01:37.861+0000] {dag.py:4180} INFO - Setting next_dagrun for gold_sleep_score to 2026-06-26 00:00:00+00:00, run_after=2026-06-27 00:00:00+00:00
[2026-06-27T19:01:37.869+0000] {processor.py:208} INFO - Processing /opt/airflow/dags/dag_factory.py took 0.092 seconds
[2026-06-27T19:02:08.514+0000] {processor.py:186} INFO - Started process (PID=405) to work on /opt/airflow/dags/dag_factory.py
[2026-06-27T19:02:08.517+0000] {processor.py:914} INFO - Processing file /opt/airflow/dags/dag_factory.py for tasks to queue
[2026-06-27T19:02:08.521+0000] {logging_mixin.py:190} INFO - [2026-06-27T19:02:08.520+0000] {dagbag.py:588} INFO - Filling up the DagBag from /opt/airflow/dags/dag_factory.py
[2026-06-27T19:02:08.553+0000] {processor.py:925} INFO - DAG(s) 'gold_day_strain', 'gold_sleep_score', 'gold_recovery_score' retrieved from /opt/airflow/dags/dag_factory.py
[2026-06-27T19:02:08.589+0000] {logging_mixin.py:190} INFO - [2026-06-27T19:02:08.589+0000] {dag.py:3239} INFO - Sync 3 DAGs
[2026-06-27T19:02:08.605+0000] {logging_mixin.py:190} INFO - [2026-06-27T19:02:08.605+0000] {dag.py:4180} INFO - Setting next_dagrun for gold_day_strain to 2026-06-26 00:00:00+00:00, run_after=2026-06-27 00:00:00+00:00
[2026-06-27T19:02:08.607+0000] {logging_mixin.py:190} INFO - [2026-06-27T19:02:08.607+0000] {dag.py:4180} INFO - Setting next_dagrun for gold_recovery_score to 2026-06-26 00:00:00+00:00, run_after=2026-06-27 00:00:00+00:00
[2026-06-27T19:02:08.608+0000] {logging_mixin.py:190} INFO - [2026-06-27T19:02:08.608+0000] {dag.py:4180} INFO - Setting next_dagrun for gold_sleep_score to 2026-06-26 00:00:00+00:00, run_after=2026-06-27 00:00:00+00:00
[2026-06-27T19:02:08.616+0000] {processor.py:208} INFO - Processing /opt/airflow/dags/dag_factory.py took 0.115 seconds
[2026-06-27T19:02:39.400+0000] {processor.py:186} INFO - Started process (PID=410) to work on /opt/airflow/dags/dag_factory.py
[2026-06-27T19:02:39.402+0000] {processor.py:914} INFO - Processing file /opt/airflow/dags/dag_factory.py for tasks to queue
[2026-06-27T19:02:39.408+0000] {logging_mixin.py:190} INFO - [2026-06-27T19:02:39.407+0000] {dagbag.py:588} INFO - Filling up the DagBag from /opt/airflow/dags/dag_factory.py
[2026-06-27T19:02:39.449+0000] {processor.py:925} INFO - DAG(s) 'gold_sleep_score', 'gold_recovery_score', 'gold_day_strain' retrieved from /opt/airflow/dags/dag_factory.py
[2026-06-27T19:02:39.482+0000] {logging_mixin.py:190} INFO - [2026-06-27T19:02:39.482+0000] {dag.py:3239} INFO - Sync 3 DAGs
[2026-06-27T19:02:39.497+0000] {logging_mixin.py:190} INFO - [2026-06-27T19:02:39.496+0000] {dag.py:4180} INFO - Setting next_dagrun for gold_day_strain to 2026-06-26 00:00:00+00:00, run_after=2026-06-27 00:00:00+00:00
[2026-06-27T19:02:39.499+0000] {logging_mixin.py:190} INFO - [2026-06-27T19:02:39.498+0000] {dag.py:4180} INFO - Setting next_dagrun for gold_recovery_score to 2026-06-26 00:00:00+00:00, run_after=2026-06-27 00:00:00+00:00
[2026-06-27T19:02:39.499+0000] {logging_mixin.py:190} INFO - [2026-06-27T19:02:39.499+0000] {dag.py:4180} INFO - Setting next_dagrun for gold_sleep_score to 2026-06-26 00:00:00+00:00, run_after=2026-06-27 00:00:00+00:00
[2026-06-27T19:02:39.508+0000] {processor.py:208} INFO - Processing /opt/airflow/dags/dag_factory.py took 0.125 seconds
[2026-06-27T19:03:10.309+0000] {processor.py:186} INFO - Started process (PID=415) to work on /opt/airflow/dags/dag_factory.py
[2026-06-27T19:03:10.313+0000] {processor.py:914} INFO - Processing file /opt/airflow/dags/dag_factory.py for tasks to queue
[2026-06-27T19:03:10.316+0000] {logging_mixin.py:190} INFO - [2026-06-27T19:03:10.315+0000] {dagbag.py:588} INFO - Filling up the DagBag from /opt/airflow/dags/dag_factory.py
[2026-06-27T19:03:10.351+0000] {processor.py:925} INFO - DAG(s) 'gold_recovery_score', 'gold_day_strain', 'gold_sleep_score' retrieved from /opt/airflow/dags/dag_factory.py
[2026-06-27T19:03:10.378+0000] {logging_mixin.py:190} INFO - [2026-06-27T19:03:10.378+0000] {dag.py:3239} INFO - Sync 3 DAGs
[2026-06-27T19:03:10.390+0000] {logging_mixin.py:190} INFO - [2026-06-27T19:03:10.390+0000] {dag.py:4180} INFO - Setting next_dagrun for gold_day_strain to 2026-06-26 00:00:00+00:00, run_after=2026-06-27 00:00:00+00:00
[2026-06-27T19:03:10.392+0000] {logging_mixin.py:190} INFO - [2026-06-27T19:03:10.392+0000] {dag.py:4180} INFO - Setting next_dagrun for gold_recovery_score to 2026-06-26 00:00:00+00:00, run_after=2026-06-27 00:00:00+00:00
[2026-06-27T19:03:10.393+0000] {logging_mixin.py:190} INFO - [2026-06-27T19:03:10.393+0000] {dag.py:4180} INFO - Setting next_dagrun for gold_sleep_score to 2026-06-26 00:00:00+00:00, run_after=2026-06-27 00:00:00+00:00
[2026-06-27T19:03:10.402+0000] {processor.py:208} INFO - Processing /opt/airflow/dags/dag_factory.py took 0.110 seconds
[2026-06-27T19:03:41.111+0000] {processor.py:186} INFO - Started process (PID=420) to work on /opt/airflow/dags/dag_factory.py
[2026-06-27T19:03:41.114+0000] {processor.py:914} INFO - Processing file /opt/airflow/dags/dag_factory.py for tasks to queue
[2026-06-27T19:03:41.120+0000] {logging_mixin.py:190} INFO - [2026-06-27T19:03:41.120+0000] {dagbag.py:588} INFO - Filling up the DagBag from /opt/airflow/dags/dag_factory.py
[2026-06-27T19:03:41.161+0000] {processor.py:925} INFO - DAG(s) 'gold_day_strain', 'gold_sleep_score', 'gold_recovery_score' retrieved from /opt/airflow/dags/dag_factory.py
[2026-06-27T19:03:41.187+0000] {logging_mixin.py:190} INFO - [2026-06-27T19:03:41.186+0000] {dag.py:3239} INFO - Sync 3 DAGs
[2026-06-27T19:03:41.199+0000] {logging_mixin.py:190} INFO - [2026-06-27T19:03:41.199+0000] {dag.py:4180} INFO - Setting next_dagrun for gold_day_strain to 2026-06-26 00:00:00+00:00, run_after=2026-06-27 00:00:00+00:00
[2026-06-27T19:03:41.200+0000] {logging_mixin.py:190} INFO - [2026-06-27T19:03:41.200+0000] {dag.py:4180} INFO - Setting next_dagrun for gold_recovery_score to 2026-06-26 00:00:00+00:00, run_after=2026-06-27 00:00:00+00:00
[2026-06-27T19:03:41.201+0000] {logging_mixin.py:190} INFO - [2026-06-27T19:03:41.201+0000] {dag.py:4180} INFO - Setting next_dagrun for gold_sleep_score to 2026-06-26 00:00:00+00:00, run_after=2026-06-27 00:00:00+00:00
[2026-06-27T19:03:41.210+0000] {processor.py:208} INFO - Processing /opt/airflow/dags/dag_factory.py took 0.113 seconds
[2026-06-27T19:04:11.844+0000] {processor.py:186} INFO - Started process (PID=425) to work on /opt/airflow/dags/dag_factory.py
[2026-06-27T19:04:11.845+0000] {processor.py:914} INFO - Processing file /opt/airflow/dags/dag_factory.py for tasks to queue
[2026-06-27T19:04:11.847+0000] {logging_mixin.py:190} INFO - [2026-06-27T19:04:11.847+0000] {dagbag.py:588} INFO - Filling up the DagBag from /opt/airflow/dags/dag_factory.py
[2026-06-27T19:04:11.865+0000] {processor.py:925} INFO - DAG(s) 'gold_day_strain', 'gold_recovery_score', 'gold_sleep_score' retrieved from /opt/airflow/dags/dag_factory.py
[2026-06-27T19:04:11.880+0000] {logging_mixin.py:190} INFO - [2026-06-27T19:04:11.880+0000] {dag.py:3239} INFO - Sync 3 DAGs
[2026-06-27T19:04:11.890+0000] {logging_mixin.py:190} INFO - [2026-06-27T19:04:11.890+0000] {dag.py:4180} INFO - Setting next_dagrun for gold_day_strain to 2026-06-26 00:00:00+00:00, run_after=2026-06-27 00:00:00+00:00
[2026-06-27T19:04:11.892+0000] {logging_mixin.py:190} INFO - [2026-06-27T19:04:11.892+0000] {dag.py:4180} INFO - Setting next_dagrun for gold_recovery_score to 2026-06-26 00:00:00+00:00, run_after=2026-06-27 00:00:00+00:00
[2026-06-27T19:04:11.892+0000] {logging_mixin.py:190} INFO - [2026-06-27T19:04:11.892+0000] {dag.py:4180} INFO - Setting next_dagrun for gold_sleep_score to 2026-06-26 00:00:00+00:00, run_after=2026-06-27 00:00:00+00:00
[2026-06-27T19:04:11.900+0000] {processor.py:208} INFO - Processing /opt/airflow/dags/dag_factory.py took 0.061 seconds
[2026-06-27T19:04:42.459+0000] {processor.py:186} INFO - Started process (PID=430) to work on /opt/airflow/dags/dag_factory.py
[2026-06-27T19:04:42.461+0000] {processor.py:914} INFO - Processing file /opt/airflow/dags/dag_factory.py for tasks to queue
[2026-06-27T19:04:42.465+0000] {logging_mixin.py:190} INFO - [2026-06-27T19:04:42.464+0000] {dagbag.py:588} INFO - Filling up the DagBag from /opt/airflow/dags/dag_factory.py
[2026-06-27T19:04:42.497+0000] {processor.py:925} INFO - DAG(s) 'gold_day_strain', 'gold_recovery_score', 'gold_sleep_score' retrieved from /opt/airflow/dags/dag_factory.py
[2026-06-27T19:04:42.517+0000] {logging_mixin.py:190} INFO - [2026-06-27T19:04:42.517+0000] {dag.py:3239} INFO - Sync 3 DAGs
[2026-06-27T19:04:42.529+0000] {logging_mixin.py:190} INFO - [2026-06-27T19:04:42.529+0000] {dag.py:4180} INFO - Setting next_dagrun for gold_day_strain to 2026-06-26 00:00:00+00:00, run_after=2026-06-27 00:00:00+00:00
[2026-06-27T19:04:42.531+0000] {logging_mixin.py:190} INFO - [2026-06-27T19:04:42.531+0000] {dag.py:4180} INFO - Setting next_dagrun for gold_recovery_score to 2026-06-26 00:00:00+00:00, run_after=2026-06-27 00:00:00+00:00
[2026-06-27T19:04:42.532+0000] {logging_mixin.py:190} INFO - [2026-06-27T19:04:42.532+0000] {dag.py:4180} INFO - Setting next_dagrun for gold_sleep_score to 2026-06-26 00:00:00+00:00, run_after=2026-06-27 00:00:00+00:00
[2026-06-27T19:04:42.540+0000] {processor.py:208} INFO - Processing /opt/airflow/dags/dag_factory.py took 0.091 seconds
[2026-06-27T19:05:13.308+0000] {processor.py:186} INFO - Started process (PID=435) to work on /opt/airflow/dags/dag_factory.py
[2026-06-27T19:05:13.311+0000] {processor.py:914} INFO - Processing file /opt/airflow/dags/dag_factory.py for tasks to queue
[2026-06-27T19:05:13.315+0000] {logging_mixin.py:190} INFO - [2026-06-27T19:05:13.315+0000] {dagbag.py:588} INFO - Filling up the DagBag from /opt/airflow/dags/dag_factory.py
[2026-06-27T19:05:13.350+0000] {processor.py:925} INFO - DAG(s) 'gold_sleep_score', 'gold_day_strain', 'gold_recovery_score' retrieved from /opt/airflow/dags/dag_factory.py
[2026-06-27T19:05:13.375+0000] {logging_mixin.py:190} INFO - [2026-06-27T19:05:13.375+0000] {dag.py:3239} INFO - Sync 3 DAGs
[2026-06-27T19:05:13.388+0000] {logging_mixin.py:190} INFO - [2026-06-27T19:05:13.388+0000] {dag.py:4180} INFO - Setting next_dagrun for gold_day_strain to 2026-06-26 00:00:00+00:00, run_after=2026-06-27 00:00:00+00:00
[2026-06-27T19:05:13.390+0000] {logging_mixin.py:190} INFO - [2026-06-27T19:05:13.390+0000] {dag.py:4180} INFO - Setting next_dagrun for gold_recovery_score to 2026-06-26 00:00:00+00:00, run_after=2026-06-27 00:00:00+00:00
[2026-06-27T19:05:13.390+0000] {logging_mixin.py:190} INFO - [2026-06-27T19:05:13.390+0000] {dag.py:4180} INFO - Setting next_dagrun for gold_sleep_score to 2026-06-26 00:00:00+00:00, run_after=2026-06-27 00:00:00+00:00
[2026-06-27T19:05:13.401+0000] {processor.py:208} INFO - Processing /opt/airflow/dags/dag_factory.py took 0.109 seconds
[2026-06-27T19:05:44.039+0000] {processor.py:186} INFO - Started process (PID=440) to work on /opt/airflow/dags/dag_factory.py
[2026-06-27T19:05:44.041+0000] {processor.py:914} INFO - Processing file /opt/airflow/dags/dag_factory.py for tasks to queue
[2026-06-27T19:05:44.043+0000] {logging_mixin.py:190} INFO - [2026-06-27T19:05:44.043+0000] {dagbag.py:588} INFO - Filling up the DagBag from /opt/airflow/dags/dag_factory.py
[2026-06-27T19:05:44.074+0000] {processor.py:925} INFO - DAG(s) 'gold_recovery_score', 'gold_sleep_score', 'gold_day_strain' retrieved from /opt/airflow/dags/dag_factory.py
[2026-06-27T19:05:44.096+0000] {logging_mixin.py:190} INFO - [2026-06-27T19:05:44.096+0000] {dag.py:3239} INFO - Sync 3 DAGs
[2026-06-27T19:05:44.109+0000] {logging_mixin.py:190} INFO - [2026-06-27T19:05:44.109+0000] {dag.py:4180} INFO - Setting next_dagrun for gold_day_strain to 2026-06-26 00:00:00+00:00, run_after=2026-06-27 00:00:00+00:00
[2026-06-27T19:05:44.111+0000] {logging_mixin.py:190} INFO - [2026-06-27T19:05:44.111+0000] {dag.py:4180} INFO - Setting next_dagrun for gold_recovery_score to 2026-06-26 00:00:00+00:00, run_after=2026-06-27 00:00:00+00:00
[2026-06-27T19:05:44.112+0000] {logging_mixin.py:190} INFO - [2026-06-27T19:05:44.112+0000] {dag.py:4180} INFO - Setting next_dagrun for gold_sleep_score to 2026-06-26 00:00:00+00:00, run_after=2026-06-27 00:00:00+00:00
[2026-06-27T19:05:44.123+0000] {processor.py:208} INFO - Processing /opt/airflow/dags/dag_factory.py took 0.091 seconds
